#
# There is insufficient memory for the Java Runtime Environment to continue.
# Native memory allocation (malloc) failed to allocate 1932816 bytes for Chunk::new
# Possible reasons:
#   The system is out of physical RAM or swap space
#   The process is running with CompressedOops enabled, and the Java Heap may be blocking the growth of the native heap
# Possible solutions:
#   Reduce memory load on the system
#   Increase physical memory or swap space
#   Check if swap backing store is full
#   Decrease Java heap size (-Xmx/-Xms)
#   Decrease number of Java threads
#   Decrease Java thread stack sizes (-Xss)
#   Set larger code cache with -XX:ReservedCodeCacheSize=
#   JVM is running with Unscaled Compressed Oops mode in which the Java heap is
#     placed in the first 4GB address space. The Java Heap base address is the
#     maximum limit for the native heap growth. Please use -XX:HeapBaseMinAddress
#     to set the Java Heap base and to place the Java Heap above 4GB virtual address.
# This output file may be truncated or incomplete.
#
#  Out of Memory Error (./src/hotspot/share/memory/arena.cpp:197), pid=4932, tid=12184
#
# JRE version: OpenJDK Runtime Environment (11.0.10) (build 11.0.10+0-b96-7249189)
# Java VM: OpenJDK 64-Bit Server VM (11.0.10+0-b96-7249189, mixed mode, tiered, compressed oops, g1 gc, windows-amd64)
# No core dump will be written. Minidumps are not enabled by default on client versions of Windows
#

---------------  S U M M A R Y ------------

Command Line: --add-opens=java.base/java.util=ALL-UNNAMED --add-opens=java.base/java.lang=ALL-UNNAMED --add-opens=java.base/java.lang.invoke=ALL-UNNAMED --add-opens=java.base/java.util=ALL-UNNAMED --add-opens=java.prefs/java.util.prefs=ALL-UNNAMED --add-opens=java.prefs/java.util.prefs=ALL-UNNAMED --add-opens=java.base/java.nio.charset=ALL-UNNAMED --add-opens=java.base/java.net=ALL-UNNAMED --add-opens=java.base/java.util.concurrent.atomic=ALL-UNNAMED -Xmx2048m -Dfile.encoding=UTF-8 -Duser.country=IN -Duser.language=en -Duser.variant org.gradle.launcher.daemon.bootstrap.GradleDaemon 7.0.2

Host: Intel(R) Core(TM) i3-8130U CPU @ 2.20GHz, 4 cores, 7G,  Windows 10 , 64 bit Build 19041 (10.0.19041.1645)
Time: Tue May 24 12:54:23 2022 India Standard Time elapsed time: 13.415204 seconds (0d 0h 0m 13s)

---------------  T H R E A D  ---------------

Current thread (0x00000145a5282800):  JavaThread "C2 CompilerThread1" daemon [_thread_in_native, id=12184, stack(0x00000001a8f00000,0x00000001a9000000)]


Current CompileTask:
C2:  13415 6569       4       sun.reflect.generics.parser.SignatureParser::parseFieldTypeSignature (73 bytes)

Stack: [0x00000001a8f00000,0x00000001a9000000]
Native frames: (J=compiled Java code, j=interpreted, Vv=VM code, C=native code)
V  [jvm.dll+0x5ecfaa]
V  [jvm.dll+0x722bd5]
V  [jvm.dll+0x72412d]
V  [jvm.dll+0x7247e3]
V  [jvm.dll+0x242928]
V  [jvm.dll+0xbc4fc]
V  [jvm.dll+0xbca0c]
V  [jvm.dll+0x352d3b]
V  [jvm.dll+0x320ad3]
V  [jvm.dll+0x31ffca]
V  [jvm.dll+0x1fb602]
V  [jvm.dll+0x1fa7f4]
V  [jvm.dll+0x18354c]
V  [jvm.dll+0x208ee7]
V  [jvm.dll+0x207731]
V  [jvm.dll+0x6eb1cf]
V  [jvm.dll+0x6e3d45]
V  [jvm.dll+0x5ebe96]
C  [ucrtbase.dll+0x21bb2]
C  [KERNEL32.DLL+0x17034]
C  [ntdll.dll+0x52651]


---------------  P R O C E S S  ---------------

Threads class SMR info:
_java_thread_list=0x00000145a7d3f7c0, length=43, elements={
0x00000145870bd000, 0x00000145a1430800, 0x00000145a1432000, 0x00000145a144a800,
0x00000145a144c800, 0x00000145a144f800, 0x00000145a1456000, 0x00000145a1457800,
0x00000145a145e800, 0x00000145a1f04800, 0x00000145a3d5f800, 0x00000145a44a4000,
0x00000145a2f9d800, 0x00000145a30b6000, 0x00000145a317e800, 0x00000145a444a000,
0x00000145a3484800, 0x00000145a4a75000, 0x00000145a4836800, 0x00000145a4027000,
0x00000145a4028800, 0x00000145a4026000, 0x00000145a4024800, 0x00000145a5282800,
0x00000145a4028000, 0x00000145a4023000, 0x00000145a4029800, 0x00000145a4023800,
0x00000145a4025800, 0x00000145a72e2800, 0x00000145a72e3800, 0x00000145a72e6000,
0x00000145a72e2000, 0x00000145a72e4800, 0x00000145a72e5000, 0x00000145a72e7000,
0x00000145a72eb000, 0x00000145a72ed800, 0x00000145a72e8800, 0x00000145a72ec800,
0x00000145a72e7800, 0x00000145a72eb800, 0x00000145a72ee000
}

Java Threads: ( => current thread )
  0x00000145870bd000 JavaThread "main" [_thread_blocked, id=7412, stack(0x00000001a7500000,0x00000001a7600000)]
  0x00000145a1430800 JavaThread "Reference Handler" daemon [_thread_blocked, id=10076, stack(0x00000001a7c00000,0x00000001a7d00000)]
  0x00000145a1432000 JavaThread "Finalizer" daemon [_thread_blocked, id=7612, stack(0x00000001a7d00000,0x00000001a7e00000)]
  0x00000145a144a800 JavaThread "Signal Dispatcher" daemon [_thread_blocked, id=9068, stack(0x00000001a7e00000,0x00000001a7f00000)]
  0x00000145a144c800 JavaThread "Attach Listener" daemon [_thread_blocked, id=12276, stack(0x00000001a7f00000,0x00000001a8000000)]
  0x00000145a144f800 JavaThread "Service Thread" daemon [_thread_blocked, id=10660, stack(0x00000001a8000000,0x00000001a8100000)]
  0x00000145a1456000 JavaThread "C2 CompilerThread0" daemon [_thread_in_native, id=3236, stack(0x00000001a8100000,0x00000001a8200000)]
  0x00000145a1457800 JavaThread "C1 CompilerThread0" daemon [_thread_blocked, id=7100, stack(0x00000001a8200000,0x00000001a8300000)]
  0x00000145a145e800 JavaThread "Sweeper thread" daemon [_thread_blocked, id=9848, stack(0x00000001a8300000,0x00000001a8400000)]
  0x00000145a1f04800 JavaThread "Common-Cleaner" daemon [_thread_blocked, id=13216, stack(0x00000001a8400000,0x00000001a8500000)]
  0x00000145a3d5f800 JavaThread "Daemon health stats" [_thread_blocked, id=408, stack(0x00000001a8900000,0x00000001a8a00000)]
  0x00000145a44a4000 JavaThread "Incoming local TCP Connector on port 59938" [_thread_in_native, id=9324, stack(0x00000001a8600000,0x00000001a8700000)]
  0x00000145a2f9d800 JavaThread "Daemon periodic checks" [_thread_blocked, id=2436, stack(0x00000001a8a00000,0x00000001a8b00000)]
  0x00000145a30b6000 JavaThread "Daemon" [_thread_blocked, id=3660, stack(0x00000001a8b00000,0x00000001a8c00000)]
  0x00000145a317e800 JavaThread "Handler for socket connection from /127.0.0.1:59938 to /127.0.0.1:59939" [_thread_in_native, id=12096, stack(0x00000001a8c00000,0x00000001a8d00000)]
  0x00000145a444a000 JavaThread "Cancel handler" [_thread_blocked, id=12884, stack(0x00000001a8d00000,0x00000001a8e00000)]
  0x00000145a3484800 JavaThread "Daemon worker" [_thread_in_Java, id=11624, stack(0x00000001a8e00000,0x00000001a8f00000)]
  0x00000145a4a75000 JavaThread "Asynchronous log dispatcher for DefaultDaemonConnection: socket connection from /127.0.0.1:59938 to /127.0.0.1:59939" [_thread_blocked, id=8608, stack(0x00000001a9000000,0x00000001a9100000)]
  0x00000145a4836800 JavaThread "Stdin handler" [_thread_blocked, id=11696, stack(0x00000001a9100000,0x00000001a9200000)]
  0x00000145a4027000 JavaThread "Daemon client event forwarder" [_thread_blocked, id=7604, stack(0x00000001a9200000,0x00000001a9300000)]
  0x00000145a4028800 JavaThread "Cache worker for file hash cache (C:\Users\Vishwak\.gradle\caches\7.0.2\fileHashes)" [_thread_blocked, id=11028, stack(0x00000001a9400000,0x00000001a9500000)]
  0x00000145a4026000 JavaThread "File lock request listener" [_thread_in_native, id=11680, stack(0x00000001a9500000,0x00000001a9600000)]
  0x00000145a4024800 JavaThread "Cache worker for journal cache (C:\Users\Vishwak\.gradle\caches\journal-1)" [_thread_blocked, id=3724, stack(0x00000001a9600000,0x00000001a9700000)]
=>0x00000145a5282800 JavaThread "C2 CompilerThread1" daemon [_thread_in_native, id=12184, stack(0x00000001a8f00000,0x00000001a9000000)]
  0x00000145a4028000 JavaThread "Cache worker for file hash cache (E:\Playsome_1\.gradle\7.0.2\fileHashes)" [_thread_blocked, id=6840, stack(0x00000001a9700000,0x00000001a9800000)]
  0x00000145a4023000 JavaThread "File watcher server" daemon [_thread_in_native, id=2160, stack(0x00000001a9800000,0x00000001a9900000)]
  0x00000145a4029800 JavaThread "File watcher consumer" daemon [_thread_blocked, id=12324, stack(0x00000001a9900000,0x00000001a9a00000)]
  0x00000145a4023800 JavaThread "jar transforms" [_thread_blocked, id=3320, stack(0x00000001a9a00000,0x00000001a9b00000)]
  0x00000145a4025800 JavaThread "jar transforms Thread 2" [_thread_blocked, id=6220, stack(0x00000001a9b00000,0x00000001a9c00000)]
  0x00000145a72e2800 JavaThread "jar transforms Thread 3" [_thread_blocked, id=8072, stack(0x00000001a9c00000,0x00000001a9d00000)]
  0x00000145a72e3800 JavaThread "jar transforms Thread 4" [_thread_blocked, id=10024, stack(0x00000001a9d00000,0x00000001a9e00000)]
  0x00000145a72e6000 JavaThread "Cache worker for checksums cache (E:\Playsome_1\.gradle\checksums)" [_thread_blocked, id=1240, stack(0x00000001a9e00000,0x00000001a9f00000)]
  0x00000145a72e2000 JavaThread "Cache worker for cache directory md-supplier (C:\Users\Vishwak\.gradle\caches\7.0.2\md-supplier)" [_thread_blocked, id=10572, stack(0x00000001a9f00000,0x00000001aa000000)]
  0x00000145a72e4800 JavaThread "Cache worker for cache directory md-rule (C:\Users\Vishwak\.gradle\caches\7.0.2\md-rule)" [_thread_blocked, id=2988, stack(0x00000001aa000000,0x00000001aa100000)]
  0x00000145a72e5000 JavaThread "Cache worker for execution history cache (C:\Users\Vishwak\.gradle\caches\7.0.2\executionHistory)" [_thread_blocked, id=3300, stack(0x00000001aa100000,0x00000001aa200000)]
  0x00000145a72e7000 JavaThread "Cache worker for file content cache (C:\Users\Vishwak\.gradle\caches\7.0.2\fileContent)" [_thread_blocked, id=8584, stack(0x00000001aa200000,0x00000001aa300000)]
  0x00000145a72eb000 JavaThread "Cache worker for dependencies-accessors (E:\Playsome_1\.gradle\7.0.2\dependencies-accessors)" [_thread_blocked, id=8256, stack(0x00000001aa300000,0x00000001aa400000)]
  0x00000145a72ed800 JavaThread "Cache worker for Build Output Cleanup Cache (E:\Playsome_1\.gradle\buildOutputCleanup)" [_thread_blocked, id=9484, stack(0x00000001aa400000,0x00000001aa500000)]
  0x00000145a72e8800 JavaThread "Build operations" [_thread_blocked, id=4428, stack(0x00000001aa500000,0x00000001aa600000)]
  0x00000145a72ec800 JavaThread "Build operations Thread 2" [_thread_blocked, id=1472, stack(0x00000001aa600000,0x00000001aa700000)]
  0x00000145a72e7800 JavaThread "Build operations Thread 3" [_thread_blocked, id=11380, stack(0x00000001aa700000,0x00000001aa800000)]
  0x00000145a72eb800 JavaThread "Build operations Thread 4" [_thread_blocked, id=11720, stack(0x00000001aa800000,0x00000001aa900000)]
  0x00000145a72ee000 JavaThread "Memory manager" [_thread_blocked, id=8732, stack(0x00000001aa900000,0x00000001aaa00000)]

Other Threads:
  0x00000145a1429000 VMThread "VM Thread" [stack: 0x00000001a7b00000,0x00000001a7c00000] [id=9528]
  0x00000145a1f36000 WatcherThread [stack: 0x00000001a8500000,0x00000001a8600000] [id=4544]
  0x00000145870d5000 GCTaskThread "GC Thread#0" [stack: 0x00000001a7600000,0x00000001a7700000] [id=11516]
  0x00000145a2a30800 GCTaskThread "GC Thread#1" [stack: 0x00000001a8700000,0x00000001a8800000] [id=12868]
  0x00000145a230c800 GCTaskThread "GC Thread#2" [stack: 0x00000001a8800000,0x00000001a8900000] [id=7192]
  0x00000145a3467800 GCTaskThread "GC Thread#3" [stack: 0x00000001a9300000,0x00000001a9400000] [id=9492]
  0x0000014587106000 ConcurrentGCThread "G1 Main Marker" [stack: 0x00000001a7700000,0x00000001a7800000] [id=11148]
  0x0000014587108800 ConcurrentGCThread "G1 Conc#0" [stack: 0x00000001a7800000,0x00000001a7900000] [id=648]
  0x0000014587198800 ConcurrentGCThread "G1 Refine#0" [stack: 0x00000001a7900000,0x00000001a7a00000] [id=9572]
  0x0000014587199800 ConcurrentGCThread "G1 Young RemSet Sampling" [stack: 0x00000001a7a00000,0x00000001a7b00000] [id=6568]

Threads with active compile tasks:
C2 CompilerThread0  13455 6663       4       org.gradle.internal.instantiation.generator.AbstractClassGenerator$InjectionAnnotationValidator::validateMethod (502 bytes)
C2 CompilerThread1  13455 6569       4       sun.reflect.generics.parser.SignatureParser::parseFieldTypeSignature (73 bytes)

VM state:not at safepoint (normal execution)

VM Mutex/Monitor currently owned by a thread: None

Heap address: 0x0000000080000000, size: 2048 MB, Compressed Oops mode: 32-bit
Narrow klass base: 0x0000000000000000, Narrow klass shift: 3
Compressed class space size: 1073741824 Address: 0x0000000100000000

Heap:
 garbage-first heap   total 189440K, used 83494K [0x0000000080000000, 0x0000000100000000)
  region size 1024K, 10 young (10240K), 5 survivors (5120K)
 Metaspace       used 69723K, capacity 71579K, committed 71884K, reserved 1112064K
  class space    used 9048K, capacity 9668K, committed 9728K, reserved 1048576K
Heap Regions: E=young(eden), S=young(survivor), O=old, HS=humongous(starts), HC=humongous(continues), CS=collection set, F=free, A=archive, TAMS=top-at-mark-start (previous, next)
|   0|0x0000000080000000, 0x0000000080100000, 0x0000000080100000|100%| O|  |TAMS 0x0000000080100000, 0x0000000080000000| Untracked 
|   1|0x0000000080100000, 0x0000000080200000, 0x0000000080200000|100%| O|  |TAMS 0x0000000080200000, 0x0000000080100000| Untracked 
|   2|0x0000000080200000, 0x0000000080300000, 0x0000000080300000|100%| O|  |TAMS 0x0000000080300000, 0x0000000080200000| Untracked 
|   3|0x0000000080300000, 0x0000000080400000, 0x0000000080400000|100%|HS|  |TAMS 0x0000000080400000, 0x0000000080300000| Complete 
|   4|0x0000000080400000, 0x0000000080500000, 0x0000000080500000|100%|HC|  |TAMS 0x0000000080500000, 0x0000000080400000| Complete 
|   5|0x0000000080500000, 0x0000000080600000, 0x0000000080600000|100%|HC|  |TAMS 0x0000000080600000, 0x0000000080500000| Complete 
|   6|0x0000000080600000, 0x0000000080700000, 0x0000000080700000|100%| O|  |TAMS 0x0000000080700000, 0x0000000080600000| Untracked 
|   7|0x0000000080700000, 0x0000000080800000, 0x0000000080800000|100%| O|  |TAMS 0x0000000080800000, 0x0000000080700000| Untracked 
|   8|0x0000000080800000, 0x0000000080900000, 0x0000000080900000|100%| O|  |TAMS 0x0000000080900000, 0x0000000080800000| Untracked 
|   9|0x0000000080900000, 0x0000000080a00000, 0x0000000080a00000|100%| O|  |TAMS 0x0000000080a00000, 0x0000000080900000| Untracked 
|  10|0x0000000080a00000, 0x0000000080b00000, 0x0000000080b00000|100%| O|  |TAMS 0x0000000080b00000, 0x0000000080a00000| Untracked 
|  11|0x0000000080b00000, 0x0000000080c00000, 0x0000000080c00000|100%| O|  |TAMS 0x0000000080c00000, 0x0000000080b00000| Untracked 
|  12|0x0000000080c00000, 0x0000000080d00000, 0x0000000080d00000|100%| O|  |TAMS 0x0000000080d00000, 0x0000000080c00000| Untracked 
|  13|0x0000000080d00000, 0x0000000080e00000, 0x0000000080e00000|100%| O|  |TAMS 0x0000000080e00000, 0x0000000080d00000| Untracked 
|  14|0x0000000080e00000, 0x0000000080f00000, 0x0000000080f00000|100%| O|  |TAMS 0x0000000080f00000, 0x0000000080e00000| Untracked 
|  15|0x0000000080f00000, 0x0000000081000000, 0x0000000081000000|100%| O|  |TAMS 0x0000000081000000, 0x0000000080f00000| Untracked 
|  16|0x0000000081000000, 0x0000000081100000, 0x0000000081100000|100%| O|  |TAMS 0x0000000081100000, 0x0000000081000000| Untracked 
|  17|0x0000000081100000, 0x0000000081200000, 0x0000000081200000|100%|HS|  |TAMS 0x0000000081200000, 0x0000000081100000| Complete 
|  18|0x0000000081200000, 0x0000000081300000, 0x0000000081300000|100%|HC|  |TAMS 0x0000000081300000, 0x0000000081200000| Complete 
|  19|0x0000000081300000, 0x0000000081400000, 0x0000000081400000|100%|HS|  |TAMS 0x0000000081400000, 0x0000000081300000| Complete 
|  20|0x0000000081400000, 0x0000000081500000, 0x0000000081500000|100%|HC|  |TAMS 0x0000000081500000, 0x0000000081400000| Complete 
|  21|0x0000000081500000, 0x0000000081600000, 0x0000000081600000|100%|HC|  |TAMS 0x0000000081600000, 0x0000000081500000| Complete 
|  22|0x0000000081600000, 0x0000000081700000, 0x0000000081700000|100%|HS|  |TAMS 0x0000000081700000, 0x0000000081600000| Complete 
|  23|0x0000000081700000, 0x0000000081800000, 0x0000000081800000|100%|HC|  |TAMS 0x0000000081800000, 0x0000000081700000| Complete 
|  24|0x0000000081800000, 0x0000000081900000, 0x0000000081900000|100%|HC|  |TAMS 0x0000000081900000, 0x0000000081800000| Complete 
|  25|0x0000000081900000, 0x0000000081a00000, 0x0000000081a00000|100%|HC|  |TAMS 0x0000000081a00000, 0x0000000081900000| Complete 
|  26|0x0000000081a00000, 0x0000000081b00000, 0x0000000081b00000|100%|HC|  |TAMS 0x0000000081b00000, 0x0000000081a00000| Complete 
|  27|0x0000000081b00000, 0x0000000081c00000, 0x0000000081c00000|100%| O|  |TAMS 0x0000000081c00000, 0x0000000081b00000| Untracked 
|  28|0x0000000081c00000, 0x0000000081d00000, 0x0000000081d00000|100%| O|  |TAMS 0x0000000081d00000, 0x0000000081c00000| Untracked 
|  29|0x0000000081d00000, 0x0000000081e00000, 0x0000000081e00000|100%|HS|  |TAMS 0x0000000081e00000, 0x0000000081d00000| Complete 
|  30|0x0000000081e00000, 0x0000000081f00000, 0x0000000081f00000|100%|HC|  |TAMS 0x0000000081f00000, 0x0000000081e00000| Complete 
|  31|0x0000000081f00000, 0x0000000082000000, 0x0000000082000000|100%|HC|  |TAMS 0x0000000082000000, 0x0000000081f00000| Complete 
|  32|0x0000000082000000, 0x0000000082100000, 0x0000000082100000|100%| O|  |TAMS 0x0000000082100000, 0x0000000082000000| Untracked 
|  33|0x0000000082100000, 0x0000000082200000, 0x0000000082200000|100%| O|  |TAMS 0x0000000082200000, 0x0000000082100000| Untracked 
|  34|0x0000000082200000, 0x0000000082300000, 0x0000000082300000|100%| O|  |TAMS 0x0000000082300000, 0x0000000082200000| Untracked 
|  35|0x0000000082300000, 0x0000000082400000, 0x0000000082400000|100%| O|  |TAMS 0x0000000082400000, 0x0000000082300000| Untracked 
|  36|0x0000000082400000, 0x0000000082500000, 0x0000000082500000|100%|HS|  |TAMS 0x0000000082500000, 0x0000000082400000| Complete 
|  37|0x0000000082500000, 0x0000000082600000, 0x0000000082600000|100%|HC|  |TAMS 0x0000000082600000, 0x0000000082500000| Complete 
|  38|0x0000000082600000, 0x0000000082700000, 0x0000000082700000|100%|HC|  |TAMS 0x0000000082700000, 0x0000000082600000| Complete 
|  39|0x0000000082700000, 0x0000000082800000, 0x0000000082800000|100%|HC|  |TAMS 0x0000000082800000, 0x0000000082700000| Complete 
|  40|0x0000000082800000, 0x0000000082900000, 0x0000000082900000|100%|HC|  |TAMS 0x0000000082900000, 0x0000000082800000| Complete 
|  41|0x0000000082900000, 0x0000000082a00000, 0x0000000082a00000|100%| O|  |TAMS 0x0000000082a00000, 0x0000000082900000| Untracked 
|  42|0x0000000082a00000, 0x0000000082b00000, 0x0000000082b00000|100%| O|  |TAMS 0x0000000082b00000, 0x0000000082a00000| Untracked 
|  43|0x0000000082b00000, 0x0000000082c00000, 0x0000000082c00000|100%| O|  |TAMS 0x0000000082c00000, 0x0000000082b00000| Untracked 
|  44|0x0000000082c00000, 0x0000000082d00000, 0x0000000082d00000|100%| O|  |TAMS 0x0000000082d00000, 0x0000000082c00000| Untracked 
|  45|0x0000000082d00000, 0x0000000082e00000, 0x0000000082e00000|100%| O|  |TAMS 0x0000000082e00000, 0x0000000082d00000| Untracked 
|  46|0x0000000082e00000, 0x0000000082f00000, 0x0000000082f00000|100%| O|  |TAMS 0x0000000082f00000, 0x0000000082e00000| Untracked 
|  47|0x0000000082f00000, 0x0000000083000000, 0x0000000083000000|100%| O|  |TAMS 0x0000000083000000, 0x0000000082f00000| Untracked 
|  48|0x0000000083000000, 0x0000000083100000, 0x0000000083100000|100%| O|  |TAMS 0x0000000083100000, 0x0000000083000000| Untracked 
|  49|0x0000000083100000, 0x0000000083200000, 0x0000000083200000|100%| O|  |TAMS 0x0000000083200000, 0x0000000083100000| Untracked 
|  50|0x0000000083200000, 0x0000000083300000, 0x0000000083300000|100%| O|  |TAMS 0x0000000083300000, 0x0000000083200000| Untracked 
|  51|0x0000000083300000, 0x0000000083400000, 0x0000000083400000|100%| O|  |TAMS 0x0000000083400000, 0x0000000083300000| Untracked 
|  52|0x0000000083400000, 0x0000000083500000, 0x0000000083500000|100%| O|  |TAMS 0x0000000083500000, 0x0000000083400000| Untracked 
|  53|0x0000000083500000, 0x0000000083600000, 0x0000000083600000|100%|HS|  |TAMS 0x0000000083600000, 0x0000000083500000| Complete 
|  54|0x0000000083600000, 0x0000000083700000, 0x0000000083700000|100%|HS|  |TAMS 0x0000000083700000, 0x0000000083600000| Complete 
|  55|0x0000000083700000, 0x0000000083800000, 0x0000000083800000|100%|HS|  |TAMS 0x0000000083800000, 0x0000000083700000| Complete 
|  56|0x0000000083800000, 0x0000000083900000, 0x0000000083900000|100%|HC|  |TAMS 0x0000000083900000, 0x0000000083800000| Complete 
|  57|0x0000000083900000, 0x0000000083a00000, 0x0000000083a00000|100%| O|  |TAMS 0x0000000083a00000, 0x0000000083900000| Untracked 
|  58|0x0000000083a00000, 0x0000000083b00000, 0x0000000083b00000|100%| O|  |TAMS 0x0000000083b00000, 0x0000000083a00000| Untracked 
|  59|0x0000000083b00000, 0x0000000083c00000, 0x0000000083c00000|100%| O|  |TAMS 0x0000000083c00000, 0x0000000083b00000| Untracked 
|  60|0x0000000083c00000, 0x0000000083d00000, 0x0000000083d00000|100%| O|  |TAMS 0x0000000083d00000, 0x0000000083c00000| Untracked 
|  61|0x0000000083d00000, 0x0000000083e00000, 0x0000000083e00000|100%| O|  |TAMS 0x0000000083e00000, 0x0000000083d00000| Untracked 
|  62|0x0000000083e00000, 0x0000000083f00000, 0x0000000083f00000|100%| O|  |TAMS 0x0000000083f00000, 0x0000000083e00000| Untracked 
|  63|0x0000000083f00000, 0x0000000084000000, 0x0000000084000000|100%| O|  |TAMS 0x0000000084000000, 0x0000000083f00000| Untracked 
|  64|0x0000000084000000, 0x0000000084100000, 0x0000000084100000|100%| O|  |TAMS 0x0000000084100000, 0x0000000084000000| Untracked 
|  65|0x0000000084100000, 0x0000000084200000, 0x0000000084200000|100%| O|  |TAMS 0x0000000084200000, 0x0000000084100000| Untracked 
|  66|0x0000000084200000, 0x0000000084300000, 0x0000000084300000|100%| O|  |TAMS 0x00000000842ef000, 0x0000000084200000| Untracked 
|  67|0x0000000084300000, 0x0000000084400000, 0x0000000084400000|100%| O|  |TAMS 0x0000000084300000, 0x0000000084300000| Untracked 
|  68|0x0000000084400000, 0x0000000084500000, 0x0000000084500000|100%| O|  |TAMS 0x0000000084400000, 0x0000000084400000| Untracked 
|  69|0x0000000084500000, 0x0000000084600000, 0x0000000084600000|100%| O|  |TAMS 0x0000000084500000, 0x0000000084500000| Untracked 
|  70|0x0000000084600000, 0x0000000084700000, 0x0000000084700000|100%| O|  |TAMS 0x0000000084600000, 0x0000000084600000| Untracked 
|  71|0x0000000084700000, 0x0000000084800000, 0x0000000084800000|100%| O|  |TAMS 0x0000000084700000, 0x0000000084700000| Untracked 
|  72|0x0000000084800000, 0x000000008489b400, 0x0000000084900000| 60%| O|  |TAMS 0x0000000084800000, 0x0000000084800000| Untracked 
|  73|0x0000000084900000, 0x0000000084900000, 0x0000000084a00000|  0%| F|  |TAMS 0x0000000084900000, 0x0000000084900000| Untracked 
|  74|0x0000000084a00000, 0x0000000084a00000, 0x0000000084b00000|  0%| F|  |TAMS 0x0000000084a00000, 0x0000000084a00000| Untracked 
|  75|0x0000000084b00000, 0x0000000084b00000, 0x0000000084c00000|  0%| F|  |TAMS 0x0000000084b00000, 0x0000000084b00000| Untracked 
|  76|0x0000000084c00000, 0x0000000084c00000, 0x0000000084d00000|  0%| F|  |TAMS 0x0000000084c00000, 0x0000000084c00000| Untracked 
|  77|0x0000000084d00000, 0x0000000084d00000, 0x0000000084e00000|  0%| F|  |TAMS 0x0000000084d00000, 0x0000000084d00000| Untracked 
|  78|0x0000000084e00000, 0x0000000084e00000, 0x0000000084f00000|  0%| F|  |TAMS 0x0000000084e00000, 0x0000000084e00000| Untracked 
|  79|0x0000000084f00000, 0x0000000084f00000, 0x0000000085000000|  0%| F|  |TAMS 0x0000000084f00000, 0x0000000084f00000| Untracked 
|  80|0x0000000085000000, 0x0000000085000000, 0x0000000085100000|  0%| F|  |TAMS 0x0000000085000000, 0x0000000085000000| Untracked 
|  81|0x0000000085100000, 0x0000000085100000, 0x0000000085200000|  0%| F|  |TAMS 0x0000000085100000, 0x0000000085100000| Untracked 
|  82|0x0000000085200000, 0x0000000085200000, 0x0000000085300000|  0%| F|  |TAMS 0x0000000085200000, 0x0000000085200000| Untracked 
|  83|0x0000000085300000, 0x0000000085300000, 0x0000000085400000|  0%| F|  |TAMS 0x0000000085300000, 0x0000000085300000| Untracked 
|  84|0x0000000085400000, 0x0000000085400000, 0x0000000085500000|  0%| F|  |TAMS 0x0000000085400000, 0x0000000085400000| Untracked 
|  85|0x0000000085500000, 0x0000000085500000, 0x0000000085600000|  0%| F|  |TAMS 0x0000000085500000, 0x0000000085500000| Untracked 
|  86|0x0000000085600000, 0x0000000085600000, 0x0000000085700000|  0%| F|  |TAMS 0x0000000085600000, 0x0000000085600000| Untracked 
|  87|0x0000000085700000, 0x0000000085700000, 0x0000000085800000|  0%| F|  |TAMS 0x0000000085700000, 0x0000000085700000| Untracked 
|  88|0x0000000085800000, 0x0000000085800000, 0x0000000085900000|  0%| F|  |TAMS 0x0000000085800000, 0x0000000085800000| Untracked 
|  89|0x0000000085900000, 0x0000000085900000, 0x0000000085a00000|  0%| F|  |TAMS 0x0000000085900000, 0x0000000085900000| Untracked 
|  90|0x0000000085a00000, 0x0000000085a00000, 0x0000000085b00000|  0%| F|  |TAMS 0x0000000085a00000, 0x0000000085a00000| Untracked 
|  91|0x0000000085b00000, 0x0000000085b00000, 0x0000000085c00000|  0%| F|  |TAMS 0x0000000085b00000, 0x0000000085b00000| Untracked 
|  92|0x0000000085c00000, 0x0000000085c00000, 0x0000000085d00000|  0%| F|  |TAMS 0x0000000085c00000, 0x0000000085c00000| Untracked 
|  93|0x0000000085d00000, 0x0000000085d00000, 0x0000000085e00000|  0%| F|  |TAMS 0x0000000085d00000, 0x0000000085d00000| Untracked 
|  94|0x0000000085e00000, 0x0000000085e00000, 0x0000000085f00000|  0%| F|  |TAMS 0x0000000085e00000, 0x0000000085e00000| Untracked 
|  95|0x0000000085f00000, 0x0000000085f00000, 0x0000000086000000|  0%| F|  |TAMS 0x0000000085f00000, 0x0000000085f00000| Untracked 
|  96|0x0000000086000000, 0x0000000086000000, 0x0000000086100000|  0%| F|  |TAMS 0x0000000086000000, 0x0000000086000000| Untracked 
|  97|0x0000000086100000, 0x0000000086100000, 0x0000000086200000|  0%| F|  |TAMS 0x0000000086100000, 0x0000000086100000| Untracked 
|  98|0x0000000086200000, 0x0000000086200000, 0x0000000086300000|  0%| F|  |TAMS 0x0000000086200000, 0x0000000086200000| Untracked 
|  99|0x0000000086300000, 0x0000000086300000, 0x0000000086400000|  0%| F|  |TAMS 0x0000000086300000, 0x0000000086300000| Untracked 
| 100|0x0000000086400000, 0x0000000086400000, 0x0000000086500000|  0%| F|  |TAMS 0x0000000086400000, 0x0000000086400000| Untracked 
| 101|0x0000000086500000, 0x0000000086500000, 0x0000000086600000|  0%| F|  |TAMS 0x0000000086500000, 0x0000000086500000| Untracked 
| 102|0x0000000086600000, 0x0000000086600000, 0x0000000086700000|  0%| F|  |TAMS 0x0000000086600000, 0x0000000086600000| Untracked 
| 103|0x0000000086700000, 0x0000000086700000, 0x0000000086800000|  0%| F|  |TAMS 0x0000000086700000, 0x0000000086700000| Untracked 
| 104|0x0000000086800000, 0x0000000086800000, 0x0000000086900000|  0%| F|  |TAMS 0x0000000086800000, 0x0000000086800000| Untracked 
| 105|0x0000000086900000, 0x0000000086900000, 0x0000000086a00000|  0%| F|  |TAMS 0x0000000086900000, 0x0000000086900000| Untracked 
| 106|0x0000000086a00000, 0x0000000086a00000, 0x0000000086b00000|  0%| F|  |TAMS 0x0000000086a00000, 0x0000000086a00000| Untracked 
| 107|0x0000000086b00000, 0x0000000086b00000, 0x0000000086c00000|  0%| F|  |TAMS 0x0000000086b00000, 0x0000000086b00000| Untracked 
| 108|0x0000000086c00000, 0x0000000086c00000, 0x0000000086d00000|  0%| F|  |TAMS 0x0000000086c00000, 0x0000000086c00000| Untracked 
| 109|0x0000000086d00000, 0x0000000086d00000, 0x0000000086e00000|  0%| F|  |TAMS 0x0000000086d00000, 0x0000000086d00000| Untracked 
| 110|0x0000000086e00000, 0x0000000086e00000, 0x0000000086f00000|  0%| F|  |TAMS 0x0000000086e00000, 0x0000000086e00000| Untracked 
| 111|0x0000000086f00000, 0x0000000086f00000, 0x0000000087000000|  0%| F|  |TAMS 0x0000000086f00000, 0x0000000086f00000| Untracked 
| 112|0x0000000087000000, 0x0000000087000000, 0x0000000087100000|  0%| F|  |TAMS 0x0000000087000000, 0x0000000087000000| Untracked 
| 113|0x0000000087100000, 0x0000000087100000, 0x0000000087200000|  0%| F|  |TAMS 0x0000000087100000, 0x0000000087100000| Untracked 
| 114|0x0000000087200000, 0x0000000087200000, 0x0000000087300000|  0%| F|  |TAMS 0x0000000087200000, 0x0000000087200000| Untracked 
| 115|0x0000000087300000, 0x0000000087300000, 0x0000000087400000|  0%| F|  |TAMS 0x0000000087300000, 0x0000000087300000| Untracked 
| 116|0x0000000087400000, 0x00000000874ee620, 0x0000000087500000| 93%| S|CS|TAMS 0x0000000087400000, 0x0000000087400000| Complete 
| 117|0x0000000087500000, 0x0000000087600000, 0x0000000087600000|100%| S|CS|TAMS 0x0000000087500000, 0x0000000087500000| Complete 
| 118|0x0000000087600000, 0x0000000087700000, 0x0000000087700000|100%| S|CS|TAMS 0x0000000087600000, 0x0000000087600000| Complete 
| 119|0x0000000087700000, 0x0000000087800000, 0x0000000087800000|100%| S|CS|TAMS 0x0000000087700000, 0x0000000087700000| Complete 
| 120|0x0000000087800000, 0x0000000087800000, 0x0000000087900000|  0%| F|  |TAMS 0x0000000087800000, 0x0000000087800000| Untracked 
| 121|0x0000000087900000, 0x0000000087900000, 0x0000000087a00000|  0%| F|  |TAMS 0x0000000087900000, 0x0000000087900000| Untracked 
| 122|0x0000000087a00000, 0x0000000087a00000, 0x0000000087b00000|  0%| F|  |TAMS 0x0000000087a00000, 0x0000000087a00000| Untracked 
| 123|0x0000000087b00000, 0x0000000087b00000, 0x0000000087c00000|  0%| F|  |TAMS 0x0000000087b00000, 0x0000000087b00000| Untracked 
| 124|0x0000000087c00000, 0x0000000087c00000, 0x0000000087d00000|  0%| F|  |TAMS 0x0000000087c00000, 0x0000000087c00000| Untracked 
| 125|0x0000000087d00000, 0x0000000087d00000, 0x0000000087e00000|  0%| F|  |TAMS 0x0000000087d00000, 0x0000000087d00000| Untracked 
| 126|0x0000000087e00000, 0x0000000087f00000, 0x0000000087f00000|100%| S|CS|TAMS 0x0000000087e00000, 0x0000000087e00000| Complete 
| 127|0x0000000087f00000, 0x0000000087f00000, 0x0000000088000000|  0%| F|  |TAMS 0x0000000087f00000, 0x0000000087f00000| Untracked 
| 128|0x0000000088000000, 0x0000000088000000, 0x0000000088100000|  0%| F|  |TAMS 0x0000000088000000, 0x0000000088000000| Untracked 
| 129|0x0000000088100000, 0x0000000088100000, 0x0000000088200000|  0%| F|  |TAMS 0x0000000088100000, 0x0000000088100000| Untracked 
| 130|0x0000000088200000, 0x0000000088200000, 0x0000000088300000|  0%| F|  |TAMS 0x0000000088200000, 0x0000000088200000| Untracked 
| 131|0x0000000088300000, 0x0000000088300000, 0x0000000088400000|  0%| F|  |TAMS 0x0000000088300000, 0x0000000088300000| Untracked 
| 132|0x0000000088400000, 0x0000000088400000, 0x0000000088500000|  0%| F|  |TAMS 0x0000000088400000, 0x0000000088400000| Untracked 
| 133|0x0000000088500000, 0x0000000088500000, 0x0000000088600000|  0%| F|  |TAMS 0x0000000088500000, 0x0000000088500000| Untracked 
| 134|0x0000000088600000, 0x0000000088600000, 0x0000000088700000|  0%| F|  |TAMS 0x0000000088600000, 0x0000000088600000| Untracked 
| 135|0x0000000088700000, 0x0000000088700000, 0x0000000088800000|  0%| F|  |TAMS 0x0000000088700000, 0x0000000088700000| Untracked 
| 136|0x0000000088800000, 0x0000000088800000, 0x0000000088900000|  0%| F|  |TAMS 0x0000000088800000, 0x0000000088800000| Untracked 
| 137|0x0000000088900000, 0x0000000088900000, 0x0000000088a00000|  0%| F|  |TAMS 0x0000000088900000, 0x0000000088900000| Untracked 
| 138|0x0000000088a00000, 0x0000000088a00000, 0x0000000088b00000|  0%| F|  |TAMS 0x0000000088a00000, 0x0000000088a00000| Untracked 
| 139|0x0000000088b00000, 0x0000000088b00000, 0x0000000088c00000|  0%| F|  |TAMS 0x0000000088b00000, 0x0000000088b00000| Untracked 
| 140|0x0000000088c00000, 0x0000000088c00000, 0x0000000088d00000|  0%| F|  |TAMS 0x0000000088c00000, 0x0000000088c00000| Untracked 
| 141|0x0000000088d00000, 0x0000000088d00000, 0x0000000088e00000|  0%| F|  |TAMS 0x0000000088d00000, 0x0000000088d00000| Untracked 
| 142|0x0000000088e00000, 0x0000000088e00000, 0x0000000088f00000|  0%| F|  |TAMS 0x0000000088e00000, 0x0000000088e00000| Untracked 
| 143|0x0000000088f00000, 0x0000000088f00000, 0x0000000089000000|  0%| F|  |TAMS 0x0000000088f00000, 0x0000000088f00000| Untracked 
| 144|0x0000000089000000, 0x0000000089000000, 0x0000000089100000|  0%| F|  |TAMS 0x0000000089000000, 0x0000000089000000| Untracked 
| 145|0x0000000089100000, 0x0000000089100000, 0x0000000089200000|  0%| F|  |TAMS 0x0000000089100000, 0x0000000089100000| Untracked 
| 146|0x0000000089200000, 0x0000000089200000, 0x0000000089300000|  0%| F|  |TAMS 0x0000000089200000, 0x0000000089200000| Untracked 
| 147|0x0000000089300000, 0x0000000089300000, 0x0000000089400000|  0%| F|  |TAMS 0x0000000089300000, 0x0000000089300000| Untracked 
| 148|0x0000000089400000, 0x0000000089400000, 0x0000000089500000|  0%| F|  |TAMS 0x0000000089400000, 0x0000000089400000| Untracked 
| 149|0x0000000089500000, 0x0000000089500000, 0x0000000089600000|  0%| F|  |TAMS 0x0000000089500000, 0x0000000089500000| Untracked 
| 150|0x0000000089600000, 0x0000000089600000, 0x0000000089700000|  0%| F|  |TAMS 0x0000000089600000, 0x0000000089600000| Untracked 
| 151|0x0000000089700000, 0x0000000089700000, 0x0000000089800000|  0%| F|  |TAMS 0x0000000089700000, 0x0000000089700000| Untracked 
| 152|0x0000000089800000, 0x0000000089800000, 0x0000000089900000|  0%| F|  |TAMS 0x0000000089800000, 0x0000000089800000| Untracked 
| 153|0x0000000089900000, 0x0000000089900000, 0x0000000089a00000|  0%| F|  |TAMS 0x0000000089900000, 0x0000000089900000| Untracked 
| 154|0x0000000089a00000, 0x0000000089a00000, 0x0000000089b00000|  0%| F|  |TAMS 0x0000000089a00000, 0x0000000089a00000| Untracked 
| 155|0x0000000089b00000, 0x0000000089b00000, 0x0000000089c00000|  0%| F|  |TAMS 0x0000000089b00000, 0x0000000089b00000| Untracked 
| 156|0x0000000089c00000, 0x0000000089c00000, 0x0000000089d00000|  0%| F|  |TAMS 0x0000000089c00000, 0x0000000089c00000| Untracked 
| 157|0x0000000089d00000, 0x0000000089d00000, 0x0000000089e00000|  0%| F|  |TAMS 0x0000000089d00000, 0x0000000089d00000| Untracked 
| 158|0x0000000089e00000, 0x0000000089e00000, 0x0000000089f00000|  0%| F|  |TAMS 0x0000000089e00000, 0x0000000089e00000| Untracked 
| 159|0x0000000089f00000, 0x0000000089f00000, 0x000000008a000000|  0%| F|  |TAMS 0x0000000089f00000, 0x0000000089f00000| Untracked 
| 160|0x000000008a000000, 0x000000008a000000, 0x000000008a100000|  0%| F|  |TAMS 0x000000008a000000, 0x000000008a000000| Untracked 
| 161|0x000000008a100000, 0x000000008a100000, 0x000000008a200000|  0%| F|  |TAMS 0x000000008a100000, 0x000000008a100000| Untracked 
| 162|0x000000008a200000, 0x000000008a200000, 0x000000008a300000|  0%| F|  |TAMS 0x000000008a200000, 0x000000008a200000| Untracked 
| 163|0x000000008a300000, 0x000000008a300000, 0x000000008a400000|  0%| F|  |TAMS 0x000000008a300000, 0x000000008a300000| Untracked 
| 164|0x000000008a400000, 0x000000008a400000, 0x000000008a500000|  0%| F|  |TAMS 0x000000008a400000, 0x000000008a400000| Untracked 
| 165|0x000000008a500000, 0x000000008a500000, 0x000000008a600000|  0%| F|  |TAMS 0x000000008a500000, 0x000000008a500000| Untracked 
| 166|0x000000008a600000, 0x000000008a600000, 0x000000008a700000|  0%| F|  |TAMS 0x000000008a600000, 0x000000008a600000| Untracked 
| 167|0x000000008a700000, 0x000000008a700000, 0x000000008a800000|  0%| F|  |TAMS 0x000000008a700000, 0x000000008a700000| Untracked 
| 168|0x000000008a800000, 0x000000008a800000, 0x000000008a900000|  0%| F|  |TAMS 0x000000008a800000, 0x000000008a800000| Untracked 
| 169|0x000000008a900000, 0x000000008a900000, 0x000000008aa00000|  0%| F|  |TAMS 0x000000008a900000, 0x000000008a900000| Untracked 
| 170|0x000000008aa00000, 0x000000008aa00000, 0x000000008ab00000|  0%| F|  |TAMS 0x000000008aa00000, 0x000000008aa00000| Untracked 
| 171|0x000000008ab00000, 0x000000008ab00000, 0x000000008ac00000|  0%| F|  |TAMS 0x000000008ab00000, 0x000000008ab00000| Untracked 
| 172|0x000000008ac00000, 0x000000008ac00000, 0x000000008ad00000|  0%| F|  |TAMS 0x000000008ac00000, 0x000000008ac00000| Untracked 
| 173|0x000000008ad00000, 0x000000008ad00000, 0x000000008ae00000|  0%| F|  |TAMS 0x000000008ad00000, 0x000000008ad00000| Untracked 
| 174|0x000000008ae00000, 0x000000008ae00000, 0x000000008af00000|  0%| F|  |TAMS 0x000000008ae00000, 0x000000008ae00000| Untracked 
| 175|0x000000008af00000, 0x000000008af00000, 0x000000008b000000|  0%| F|  |TAMS 0x000000008af00000, 0x000000008af00000| Untracked 
| 176|0x000000008b000000, 0x000000008b000000, 0x000000008b100000|  0%| F|  |TAMS 0x000000008b000000, 0x000000008b000000| Untracked 
| 177|0x000000008b100000, 0x000000008b100000, 0x000000008b200000|  0%| F|  |TAMS 0x000000008b100000, 0x000000008b100000| Untracked 
| 178|0x000000008b200000, 0x000000008b200000, 0x000000008b300000|  0%| F|  |TAMS 0x000000008b200000, 0x000000008b200000| Untracked 
| 179|0x000000008b300000, 0x000000008b380800, 0x000000008b400000| 50%| E|  |TAMS 0x000000008b300000, 0x000000008b300000| Complete 
| 180|0x000000008b400000, 0x000000008b500000, 0x000000008b500000|100%| E|CS|TAMS 0x000000008b400000, 0x000000008b400000| Complete 
| 181|0x000000008b500000, 0x000000008b600000, 0x000000008b600000|100%| E|CS|TAMS 0x000000008b500000, 0x000000008b500000| Complete 
| 182|0x000000008b600000, 0x000000008b700000, 0x000000008b700000|100%| E|CS|TAMS 0x000000008b600000, 0x000000008b600000| Complete 
| 183|0x000000008b700000, 0x000000008b800000, 0x000000008b800000|100%| E|CS|TAMS 0x000000008b700000, 0x000000008b700000| Complete 
| 184|0x000000008b800000, 0x000000008b900000, 0x000000008b900000|100%| E|CS|TAMS 0x000000008b800000, 0x000000008b800000| Complete 

Card table byte_map: [0x000001459a5f0000,0x000001459a9f0000] _byte_map_base: 0x000001459a1f0000

Marking Bits (Prev, Next): (CMBitMap*) 0x00000145870fd2d8, (CMBitMap*) 0x00000145870fd310
 Prev Bits: [0x000001459adf0000, 0x000001459cdf0000)
 Next Bits: [0x000001459cdf0000, 0x000001459edf0000)

Polling page: 0x0000014585720000

Metaspace:

Usage:
  Non-class:     60.46 MB capacity,    59.27 MB ( 98%) used,     1.02 MB (  2%) free+waste,   171.94 KB ( <1%) overhead. 
      Class:      9.44 MB capacity,     8.84 MB ( 94%) used,   535.73 KB (  6%) free+waste,    81.38 KB ( <1%) overhead. 
       Both:     69.90 MB capacity,    68.11 MB ( 97%) used,     1.54 MB (  2%) free+waste,   253.31 KB ( <1%) overhead. 

Virtual space:
  Non-class space:       62.00 MB reserved,      60.70 MB ( 98%) committed 
      Class space:        1.00 GB reserved,       9.50 MB ( <1%) committed 
             Both:        1.06 GB reserved,      70.20 MB (  6%) committed 

Chunk freelists:
   Non-Class:  53.00 KB
       Class:  28.00 KB
        Both:  81.00 KB

MaxMetaspaceSize: 17179869184.00 GB
CompressedClassSpaceSize: 1.00 GB

CodeHeap 'non-profiled nmethods': size=120064Kb used=3695Kb max_used=3695Kb free=116368Kb
 bounds [0x0000014592680000, 0x0000014592a20000, 0x0000014599bc0000]
CodeHeap 'profiled nmethods': size=120000Kb used=14322Kb max_used=14322Kb free=105678Kb
 bounds [0x000001458b150000, 0x000001458bf50000, 0x0000014592680000]
CodeHeap 'non-nmethods': size=5696Kb used=2267Kb max_used=2311Kb free=3428Kb
 bounds [0x000001458abc0000, 0x000001458ae30000, 0x000001458b150000]
 total_blobs=7484 nmethods=6623 adapters=770
 compilation: enabled
              stopped_count=0, restarted_count=0
 full_count=0

Compilation events (20 events):
Event: 13.328 Thread 0x00000145a1457800 6656       3       org.gradle.internal.instantiation.generator.Jsr330ConstructorSelector$CachedConstructor::getConstructor (17 bytes)
Event: 13.328 Thread 0x00000145a1457800 nmethod 6656 0x000001458bf41a90 code [0x000001458bf41c40, 0x000001458bf41d98]
Event: 13.328 Thread 0x00000145a1457800 6657       3       java.util.regex.Matcher::replaceAll (59 bytes)
Event: 13.329 Thread 0x00000145a1457800 nmethod 6657 0x000001458bf41e90 code [0x000001458bf42140, 0x000001458bf42c58]
Event: 13.355 Thread 0x00000145a1456000 nmethod 6618 0x0000014592a17690 code [0x0000014592a17860, 0x0000014592a17ea8]
Event: 13.355 Thread 0x00000145a1456000 6643       4       java.util.HashMap$EntryIterator::next (5 bytes)
Event: 13.366 Thread 0x00000145a1456000 nmethod 6643 0x0000014592a18190 code [0x0000014592a18320, 0x0000014592a186f8]
Event: 13.366 Thread 0x00000145a1456000 6605       4       java.util.LinkedHashMap::values (25 bytes)
Event: 13.369 Thread 0x00000145a1456000 nmethod 6605 0x0000014592a18890 code [0x0000014592a18a20, 0x0000014592a18bd8]
Event: 13.369 Thread 0x00000145a1456000 6659       4       org.objectweb.asm.Type::appendDescriptor (90 bytes)
Event: 13.373 Thread 0x00000145a1457800 6660       3       java.lang.reflect.ProxyGenerator$MethodInfo::write (283 bytes)
Event: 13.379 Thread 0x00000145a1457800 nmethod 6660 0x000001458bf43090 code [0x000001458bf43740, 0x000001458bf47bc8]
Event: 13.383 Thread 0x00000145a1457800 6661       1       com.android.build.api.component.impl.ComponentImpl::getServices (5 bytes)
Event: 13.384 Thread 0x00000145a1457800 nmethod 6661 0x0000014592a18c90 code [0x0000014592a18e40, 0x0000014592a18ef8]
Event: 13.390 Thread 0x00000145a1457800 6662       3       com.google.common.collect.AbstractMapBasedMultimap$WrappedCollection$WrappedIterator::next (14 bytes)
Event: 13.391 Thread 0x00000145a1457800 nmethod 6662 0x000001458bf49110 code [0x000001458bf49300, 0x000001458bf49708]
Event: 13.409 Thread 0x00000145a1457800 6664       3       com.google.common.collect.AbstractSetMultimap::put (7 bytes)
Event: 13.410 Thread 0x00000145a1457800 nmethod 6664 0x000001458bf49890 code [0x000001458bf49a40, 0x000001458bf49b68]
Event: 13.410 Thread 0x00000145a1457800 6665       1       org.gradle.internal.reflect.annotations.impl.DefaultPropertyAnnotationMetadata::getAnnotations (5 bytes)
Event: 13.410 Thread 0x00000145a1457800 nmethod 6665 0x0000014592a18f90 code [0x0000014592a19140, 0x0000014592a191f8]

GC Heap History (20 events):
Event: 4.945 GC heap before
{Heap before GC invocations=6 (full 0):
 garbage-first heap   total 131072K, used 62549K [0x0000000080000000, 0x0000000100000000)
  region size 1024K, 45 young (46080K), 1 survivors (1024K)
 Metaspace       used 25269K, capacity 25807K, committed 26112K, reserved 1071104K
  class space    used 3279K, capacity 3467K, committed 3584K, reserved 1048576K
}
Event: 4.952 GC heap after
{Heap after GC invocations=7 (full 0):
 garbage-first heap   total 157696K, used 18671K [0x0000000080000000, 0x0000000100000000)
  region size 1024K, 2 young (2048K), 2 survivors (2048K)
 Metaspace       used 25269K, capacity 25807K, committed 26112K, reserved 1071104K
  class space    used 3279K, capacity 3467K, committed 3584K, reserved 1048576K
}
Event: 6.233 GC heap before
{Heap before GC invocations=7 (full 0):
 garbage-first heap   total 157696K, used 90351K [0x0000000080000000, 0x0000000100000000)
  region size 1024K, 62 young (63488K), 2 survivors (2048K)
 Metaspace       used 31504K, capacity 32389K, committed 32512K, reserved 1077248K
  class space    used 4265K, capacity 4595K, committed 4608K, reserved 1048576K
}
Event: 6.240 GC heap after
{Heap after GC invocations=8 (full 0):
 garbage-first heap   total 157696K, used 33236K [0x0000000080000000, 0x0000000100000000)
  region size 1024K, 7 young (7168K), 7 survivors (7168K)
 Metaspace       used 31504K, capacity 32389K, committed 32512K, reserved 1077248K
  class space    used 4265K, capacity 4595K, committed 4608K, reserved 1048576K
}
Event: 6.485 GC heap before
{Heap before GC invocations=8 (full 0):
 garbage-first heap   total 157696K, used 41428K [0x0000000080000000, 0x0000000100000000)
  region size 1024K, 16 young (16384K), 7 survivors (7168K)
 Metaspace       used 34721K, capacity 35681K, committed 35840K, reserved 1081344K
  class space    used 4531K, capacity 4862K, committed 4864K, reserved 1048576K
}
Event: 6.498 GC heap after
{Heap after GC invocations=9 (full 0):
 garbage-first heap   total 157696K, used 34674K [0x0000000080000000, 0x0000000100000000)
  region size 1024K, 6 young (6144K), 6 survivors (6144K)
 Metaspace       used 34721K, capacity 35681K, committed 35840K, reserved 1081344K
  class space    used 4531K, capacity 4862K, committed 4864K, reserved 1048576K
}
Event: 7.405 GC heap before
{Heap before GC invocations=10 (full 0):
 garbage-first heap   total 157696K, used 99186K [0x0000000080000000, 0x0000000100000000)
  region size 1024K, 67 young (68608K), 6 survivors (6144K)
 Metaspace       used 40516K, capacity 41570K, committed 41676K, reserved 1085440K
  class space    used 5215K, capacity 5610K, committed 5632K, reserved 1048576K
}
Event: 7.428 GC heap after
{Heap after GC invocations=11 (full 0):
 garbage-first heap   total 157696K, used 39021K [0x0000000080000000, 0x0000000100000000)
  region size 1024K, 6 young (6144K), 6 survivors (6144K)
 Metaspace       used 40516K, capacity 41570K, committed 41676K, reserved 1085440K
  class space    used 5215K, capacity 5610K, committed 5632K, reserved 1048576K
}
Event: 8.613 GC heap before
{Heap before GC invocations=11 (full 0):
 garbage-first heap   total 157696K, used 110701K [0x0000000080000000, 0x0000000100000000)
  region size 1024K, 68 young (69632K), 6 survivors (6144K)
 Metaspace       used 44633K, capacity 45820K, committed 46028K, reserved 1089536K
  class space    used 5643K, capacity 6058K, committed 6144K, reserved 1048576K
}
Event: 8.636 GC heap after
{Heap after GC invocations=12 (full 0):
 garbage-first heap   total 157696K, used 52911K [0x0000000080000000, 0x0000000100000000)
  region size 1024K, 9 young (9216K), 9 survivors (9216K)
 Metaspace       used 44633K, capacity 45820K, committed 46028K, reserved 1089536K
  class space    used 5643K, capacity 6058K, committed 6144K, reserved 1048576K
}
Event: 9.430 GC heap before
{Heap before GC invocations=12 (full 0):
 garbage-first heap   total 157696K, used 112303K [0x0000000080000000, 0x0000000100000000)
  region size 1024K, 67 young (68608K), 9 survivors (9216K)
 Metaspace       used 48502K, capacity 49940K, committed 50252K, reserved 1093632K
  class space    used 6230K, capacity 6704K, committed 6784K, reserved 1048576K
}
Event: 9.445 GC heap after
{Heap after GC invocations=13 (full 0):
 garbage-first heap   total 157696K, used 57375K [0x0000000080000000, 0x0000000100000000)
  region size 1024K, 4 young (4096K), 4 survivors (4096K)
 Metaspace       used 48502K, capacity 49940K, committed 50252K, reserved 1093632K
  class space    used 6230K, capacity 6704K, committed 6784K, reserved 1048576K
}
Event: 10.427 GC heap before
{Heap before GC invocations=13 (full 0):
 garbage-first heap   total 157696K, used 118815K [0x0000000080000000, 0x0000000100000000)
  region size 1024K, 61 young (62464K), 4 survivors (4096K)
 Metaspace       used 52978K, capacity 54551K, committed 54604K, reserved 1097728K
  class space    used 6770K, capacity 7295K, committed 7296K, reserved 1048576K
}
Event: 10.442 GC heap after
{Heap after GC invocations=14 (full 0):
 garbage-first heap   total 189440K, used 68180K [0x0000000080000000, 0x0000000100000000)
  region size 1024K, 8 young (8192K), 8 survivors (8192K)
 Metaspace       used 52978K, capacity 54551K, committed 54604K, reserved 1097728K
  class space    used 6770K, capacity 7295K, committed 7296K, reserved 1048576K
}
Event: 11.327 GC heap before
{Heap before GC invocations=14 (full 0):
 garbage-first heap   total 189440K, used 102996K [0x0000000080000000, 0x0000000100000000)
  region size 1024K, 43 young (44032K), 8 survivors (8192K)
 Metaspace       used 58544K, capacity 60218K, committed 60236K, reserved 1101824K
  class space    used 7462K, capacity 8051K, committed 8064K, reserved 1048576K
}
Event: 11.348 GC heap after
{Heap after GC invocations=15 (full 0):
 garbage-first heap   total 189440K, used 70385K [0x0000000080000000, 0x0000000100000000)
  region size 1024K, 2 young (2048K), 2 survivors (2048K)
 Metaspace       used 58544K, capacity 60218K, committed 60236K, reserved 1101824K
  class space    used 7462K, capacity 8051K, committed 8064K, reserved 1048576K
}
Event: 12.383 GC heap before
{Heap before GC invocations=16 (full 0):
 garbage-first heap   total 189440K, used 128753K [0x0000000080000000, 0x0000000100000000)
  region size 1024K, 59 young (60416K), 2 survivors (2048K)
 Metaspace       used 64181K, capacity 66017K, committed 66124K, reserved 1105920K
  class space    used 8170K, capacity 8799K, committed 8832K, reserved 1048576K
}
Event: 12.393 GC heap after
{Heap after GC invocations=17 (full 0):
 garbage-first heap   total 189440K, used 74582K [0x0000000080000000, 0x0000000100000000)
  region size 1024K, 6 young (6144K), 6 survivors (6144K)
 Metaspace       used 64181K, capacity 66017K, committed 66124K, reserved 1105920K
  class space    used 8170K, capacity 8799K, committed 8832K, reserved 1048576K
}
Event: 13.333 GC heap before
{Heap before GC invocations=18 (full 0):
 garbage-first heap   total 189440K, used 133974K [0x0000000080000000, 0x0000000100000000)
  region size 1024K, 64 young (65536K), 6 survivors (6144K)
 Metaspace       used 69225K, capacity 71141K, committed 71372K, reserved 1112064K
  class space    used 8979K, capacity 9628K, committed 9728K, reserved 1048576K
}
Event: 13.354 GC heap after
{Heap after GC invocations=19 (full 0):
 garbage-first heap   total 189440K, used 79398K [0x0000000080000000, 0x0000000100000000)
  region size 1024K, 5 young (5120K), 5 survivors (5120K)
 Metaspace       used 69225K, capacity 71141K, committed 71372K, reserved 1112064K
  class space    used 8979K, capacity 9628K, committed 9728K, reserved 1048576K
}

Deoptimization events (20 events):
Event: 12.355 Thread 0x00000145a3484800 DEOPT PACKING pc=0x00000145927cbaa0 sp=0x00000001a8ef6d10
Event: 12.355 Thread 0x00000145a3484800 DEOPT UNPACKING pc=0x000001458abe78af sp=0x00000001a8ef6bf8 mode 2
Event: 12.355 Thread 0x00000145a3484800 Uncommon trap: trap_request=0xffffff4d fr.pc=0x00000145927484c8 relative=0x0000000000000388
Event: 12.355 Thread 0x00000145a3484800 Uncommon trap: reason=unstable_if action=reinterpret pc=0x00000145927484c8 method=java.lang.StringBuilder.toString()Ljava/lang/String; @ 4 c2
Event: 12.355 Thread 0x00000145a3484800 DEOPT PACKING pc=0x00000145927484c8 sp=0x00000001a8ef6db0
Event: 12.355 Thread 0x00000145a3484800 DEOPT UNPACKING pc=0x000001458abe78af sp=0x00000001a8ef6d90 mode 2
Event: 12.355 Thread 0x00000145a3484800 Uncommon trap: trap_request=0xffffff4d fr.pc=0x00000145926cf828 relative=0x0000000000000468
Event: 12.355 Thread 0x00000145a3484800 Uncommon trap: reason=unstable_if action=reinterpret pc=0x00000145926cf828 method=java.lang.AbstractStringBuilder.putStringAt(ILjava/lang/String;)V @ 8 c2
Event: 12.355 Thread 0x00000145a3484800 DEOPT PACKING pc=0x00000145926cf828 sp=0x00000001a8ef6d00
Event: 12.355 Thread 0x00000145a3484800 DEOPT UNPACKING pc=0x000001458abe78af sp=0x00000001a8ef6c60 mode 2
Event: 12.355 Thread 0x00000145a3484800 Uncommon trap: trap_request=0xffffff4d fr.pc=0x00000145926b30ec relative=0x00000000000000cc
Event: 12.355 Thread 0x00000145a3484800 Uncommon trap: reason=unstable_if action=reinterpret pc=0x00000145926b30ec method=java.lang.String.getBytes([BIB)V @ 5 c2
Event: 12.355 Thread 0x00000145a3484800 DEOPT PACKING pc=0x00000145926b30ec sp=0x00000001a8ef6c10
Event: 12.355 Thread 0x00000145a3484800 DEOPT UNPACKING pc=0x000001458abe78af sp=0x00000001a8ef6bd8 mode 2
Event: 12.456 Thread 0x00000145a3484800 DEOPT PACKING pc=0x000001458b96ef06 sp=0x00000001a8ef9280
Event: 12.456 Thread 0x00000145a3484800 DEOPT UNPACKING pc=0x000001458abe76ce sp=0x00000001a8ef86e0 mode 0
Event: 12.509 Thread 0x00000145a3484800 Uncommon trap: trap_request=0xffffff4d fr.pc=0x0000014592840200 relative=0x0000000000000340
Event: 12.509 Thread 0x00000145a3484800 Uncommon trap: reason=unstable_if action=reinterpret pc=0x0000014592840200 method=java.util.StringJoiner.add(Ljava/lang/CharSequence;)Ljava/util/StringJoiner; @ 33 c2
Event: 12.509 Thread 0x00000145a3484800 DEOPT PACKING pc=0x0000014592840200 sp=0x00000001a8ef5f50
Event: 12.509 Thread 0x00000145a3484800 DEOPT UNPACKING pc=0x000001458abe78af sp=0x00000001a8ef5f00 mode 2

Classes redefined (0 events):
No events

Internal exceptions (20 events):
Event: 12.634 Thread 0x00000145a3484800 Exception <a 'java/lang/ClassNotFoundException'{0x000000008a97e150}: org/gradle/api/internal/DefaultNamedDomainObjectSetCustomizer> (0x000000008a97e150) thrown at [./src/hotspot/share/classfile/systemDictionary.cpp, line 231]
Event: 12.636 Thread 0x00000145a3484800 Exception <a 'java/lang/ClassNotFoundException'{0x000000008a9c7538}: org/gradle/api/internal/AbstractNamedDomainObjectContainerCustomizer> (0x000000008a9c7538) thrown at [./src/hotspot/share/classfile/systemDictionary.cpp, line 231]
Event: 12.639 Thread 0x00000145a3484800 Exception <a 'java/lang/ClassNotFoundException'{0x000000008a80f0f0}: org/gradle/api/internal/FactoryNamedDomainObjectContainerCustomizer> (0x000000008a80f0f0) thrown at [./src/hotspot/share/classfile/systemDictionary.cpp, line 231]
Event: 12.642 Thread 0x00000145a3484800 Exception <a 'java/lang/ClassNotFoundException'{0x000000008a84f0b0}: org/gradle/api/internal/FactoryNamedDomainObjectContainer_DecoratedCustomizer> (0x000000008a84f0b0) thrown at [./src/hotspot/share/classfile/systemDictionary.cpp, line 231]
Event: 12.658 Thread 0x00000145a3484800 Exception <a 'java/lang/ClassNotFoundException'{0x000000008a6682e8}: com/android/build/gradle/internal/dsl/BuildType_DecoratedBeanInfo> (0x000000008a6682e8) thrown at [./src/hotspot/share/classfile/systemDictionary.cpp, line 231]
Event: 12.659 Thread 0x00000145a3484800 Exception <a 'java/lang/ClassNotFoundException'{0x000000008a680c18}: com/android/build/gradle/internal/dsl/BuildTypeBeanInfo> (0x000000008a680c18) thrown at [./src/hotspot/share/classfile/systemDictionary.cpp, line 231]
Event: 12.659 Thread 0x00000145a3484800 Exception <a 'java/lang/ClassNotFoundException'{0x000000008a698778}: com/android/builder/core/AbstractBuildTypeBeanInfo> (0x000000008a698778) thrown at [./src/hotspot/share/classfile/systemDictionary.cpp, line 231]
Event: 12.659 Thread 0x00000145a3484800 Exception <a 'java/lang/ClassNotFoundException'{0x000000008a6b0a28}: com/android/builder/core/AbstractBuildTypeCustomizer> (0x000000008a6b0a28) thrown at [./src/hotspot/share/classfile/systemDictionary.cpp, line 231]
Event: 12.661 Thread 0x00000145a3484800 Exception <a 'java/lang/ClassNotFoundException'{0x000000008a6e5660}: com/android/build/gradle/internal/dsl/BuildTypeCustomizer> (0x000000008a6e5660) thrown at [./src/hotspot/share/classfile/systemDictionary.cpp, line 231]
Event: 12.664 Thread 0x00000145a3484800 Exception <a 'java/lang/ClassNotFoundException'{0x000000008a571f58}: com/android/build/gradle/internal/dsl/BuildType_DecoratedCustomizer> (0x000000008a571f58) thrown at [./src/hotspot/share/classfile/systemDictionary.cpp, line 231]
Event: 12.668 Thread 0x00000145a3484800 Exception <a 'java/lang/ClassNotFoundException'{0x000000008a434318}: build_1olco2m56b1h8vfbj7yhgfjzo$_run_closure1$_closure4BeanInfo> (0x000000008a434318) thrown at [./src/hotspot/share/classfile/systemDictionary.cpp, line 231]
Event: 12.669 Thread 0x00000145a3484800 Exception <a 'java/lang/ClassNotFoundException'{0x000000008a444a80}: build_1olco2m56b1h8vfbj7yhgfjzo$_run_closure1$_closure4Customizer> (0x000000008a444a80) thrown at [./src/hotspot/share/classfile/systemDictionary.cpp, line 231]
Event: 12.672 Thread 0x00000145a3484800 Exception <a 'java/lang/ClassNotFoundException'{0x000000008a46d848}: build_1olco2m56b1h8vfbj7yhgfjzo$_run_closure1BeanInfo> (0x000000008a46d848) thrown at [./src/hotspot/share/classfile/systemDictionary.cpp, line 231]
Event: 12.672 Thread 0x00000145a3484800 Exception <a 'java/lang/ClassNotFoundException'{0x000000008a47d658}: build_1olco2m56b1h8vfbj7yhgfjzo$_run_closure1Customizer> (0x000000008a47d658) thrown at [./src/hotspot/share/classfile/systemDictionary.cpp, line 231]
Event: 12.678 Thread 0x00000145a3484800 Exception <a 'java/lang/ClassNotFoundException'{0x000000008a4db378}: org/gradle/api/JavaVersionBeanInfo> (0x000000008a4db378) thrown at [./src/hotspot/share/classfile/systemDictionary.cpp, line 231]
Event: 12.679 Thread 0x00000145a3484800 Exception <a 'java/lang/ClassNotFoundException'{0x000000008a30a2d8}: org/gradle/api/JavaVersionCustomizer> (0x000000008a30a2d8) thrown at [./src/hotspot/share/classfile/systemDictionary.cpp, line 231]
Event: 12.682 Thread 0x00000145a3484800 Exception <a 'java/lang/ClassNotFoundException'{0x000000008a35e828}: com/android/build/gradle/internal/CompileOptions_DecoratedBeanInfo> (0x000000008a35e828) thrown at [./src/hotspot/share/classfile/systemDictionary.cpp, line 231]
Event: 12.683 Thread 0x00000145a3484800 Exception <a 'java/lang/ClassNotFoundException'{0x000000008a375c80}: com/android/build/gradle/internal/CompileOptionsBeanInfo> (0x000000008a375c80) thrown at [./src/hotspot/share/classfile/systemDictionary.cpp, line 231]
Event: 12.683 Thread 0x00000145a3484800 Exception <a 'java/lang/ClassNotFoundException'{0x000000008a38db40}: com/android/build/gradle/internal/CompileOptionsCustomizer> (0x000000008a38db40) thrown at [./src/hotspot/share/classfile/systemDictionary.cpp, line 231]
Event: 12.684 Thread 0x00000145a3484800 Exception <a 'java/lang/ClassNotFoundException'{0x000000008a3b2110}: com/android/build/gradle/internal/CompileOptions_DecoratedCustomizer> (0x000000008a3b2110) thrown at [./src/hotspot/share/classfile/systemDictionary.cpp, line 231]

Events (20 events):
Event: 13.397 loading class com/android/build/gradle/internal/dependency/DexingWithClasspathTransform
Event: 13.397 loading class com/android/build/gradle/internal/dependency/DexingWithClasspathTransform done
Event: 13.398 loading class com/android/build/gradle/internal/dependency/BaseDexingTransform
Event: 13.398 loading class com/android/build/gradle/internal/dependency/BaseDexingTransform done
Event: 13.399 loading class com/android/build/gradle/internal/dependency/DexingArtifactConfiguration$registerTransform$1
Event: 13.399 loading class com/android/build/gradle/internal/dependency/DexingArtifactConfiguration$registerTransform$1 done
Event: 13.400 loading class com/android/build/gradle/internal/dependency/BaseDexingTransform$Parameters
Event: 13.400 loading class com/android/build/gradle/internal/dependency/BaseDexingTransform$Parameters done
Event: 13.403 loading class com/android/build/gradle/internal/dependency/DexingArtifactConfiguration$registerTransform$1$1
Event: 13.403 loading class com/android/build/gradle/internal/dependency/DexingArtifactConfiguration$registerTransform$1$1 done
Event: 13.406 loading class kotlin/jvm/functions/Function2
Event: 13.406 loading class kotlin/jvm/functions/Function2 done
Event: 13.406 loading class com/android/builder/dexing/DependencyGraphUpdater
Event: 13.406 loading class com/android/builder/dexing/DependencyGraphUpdater done
Event: 13.407 loading class org/gradle/work/InputChanges
Event: 13.407 loading class org/gradle/work/InputChanges done
Event: 13.407 loading class com/android/builder/files/SerializableFileChanges
Event: 13.407 loading class com/android/builder/files/SerializableFileChanges done
Event: 13.408 loading class org/gradle/work/Incremental
Event: 13.408 loading class org/gradle/work/Incremental done


Dynamic libraries:
0x00007ff686840000 - 0x00007ff68684a000 	C:\Program Files\Android\Android Studio\jre\bin\java.exe
0x00007ff8428b0000 - 0x00007ff842aa5000 	C:\Windows\SYSTEM32\ntdll.dll
0x00007ff841e00000 - 0x00007ff841ebe000 	C:\Windows\System32\KERNEL32.DLL
0x00007ff8401b0000 - 0x00007ff840478000 	C:\Windows\System32\KERNELBASE.dll
0x00007ff8407a0000 - 0x00007ff8408a0000 	C:\Windows\System32\ucrtbase.dll
0x00007ff839930000 - 0x00007ff839947000 	C:\Program Files\Android\Android Studio\jre\bin\VCRUNTIME140.dll
0x00007ff82b640000 - 0x00007ff82b659000 	C:\Program Files\Android\Android Studio\jre\bin\jli.dll
0x00007ff8417f0000 - 0x00007ff841990000 	C:\Windows\System32\USER32.dll
0x00007ff840720000 - 0x00007ff840742000 	C:\Windows\System32\win32u.dll
0x00007ff8283e0000 - 0x00007ff82867a000 	C:\Windows\WinSxS\amd64_microsoft.windows.common-controls_6595b64144ccf1df_6.0.19041.1110_none_60b5254171f9507e\COMCTL32.dll
0x00007ff8424e0000 - 0x00007ff84250a000 	C:\Windows\System32\GDI32.dll
0x00007ff842440000 - 0x00007ff8424de000 	C:\Windows\System32\msvcrt.dll
0x00007ff8400a0000 - 0x00007ff8401ab000 	C:\Windows\System32\gdi32full.dll
0x00007ff83ffd0000 - 0x00007ff84006d000 	C:\Windows\System32\msvcp_win.dll
0x00007ff840dc0000 - 0x00007ff840df0000 	C:\Windows\System32\IMM32.DLL
0x00007ff81e6d0000 - 0x00007ff81e76d000 	C:\Program Files\Android\Android Studio\jre\bin\msvcp140.dll
0x00007ff803ae0000 - 0x00007ff8045af000 	C:\Program Files\Android\Android Studio\jre\bin\server\jvm.dll
0x00007ff840d00000 - 0x00007ff840dae000 	C:\Windows\System32\ADVAPI32.dll
0x00007ff840ab0000 - 0x00007ff840b4c000 	C:\Windows\System32\sechost.dll
0x00007ff841ff0000 - 0x00007ff842115000 	C:\Windows\System32\RPCRT4.dll
0x00007ff840aa0000 - 0x00007ff840aa8000 	C:\Windows\System32\PSAPI.DLL
0x00007ff83d450000 - 0x00007ff83d459000 	C:\Windows\SYSTEM32\WSOCK32.dll
0x00007ff824090000 - 0x00007ff8240b7000 	C:\Windows\SYSTEM32\WINMM.dll
0x00007ff842250000 - 0x00007ff8422bb000 	C:\Windows\System32\WS2_32.dll
0x00007ff8372e0000 - 0x00007ff8372ea000 	C:\Windows\SYSTEM32\VERSION.dll
0x00007ff83e880000 - 0x00007ff83e892000 	C:\Windows\SYSTEM32\kernel.appcore.dll
0x00007ff83b550000 - 0x00007ff83b561000 	C:\Program Files\Android\Android Studio\jre\bin\verify.dll
0x00007ff83dca0000 - 0x00007ff83de84000 	C:\Windows\SYSTEM32\DBGHELP.DLL
0x00007ff8256f0000 - 0x00007ff82571c000 	C:\Windows\SYSTEM32\dbgcore.DLL
0x00007ff840530000 - 0x00007ff8405b2000 	C:\Windows\System32\bcryptPrimitives.dll
0x00007ff8391d0000 - 0x00007ff8391f9000 	C:\Program Files\Android\Android Studio\jre\bin\java.dll
0x00007ff83b540000 - 0x00007ff83b54b000 	C:\Program Files\Android\Android Studio\jre\bin\jimage.dll
0x00007ff837bf0000 - 0x00007ff837c08000 	C:\Program Files\Android\Android Studio\jre\bin\zip.dll
0x00007ff840df0000 - 0x00007ff841534000 	C:\Windows\System32\SHELL32.dll
0x00007ff83e0d0000 - 0x00007ff83e864000 	C:\Windows\SYSTEM32\windows.storage.dll
0x00007ff842510000 - 0x00007ff842864000 	C:\Windows\System32\combase.dll
0x00007ff83f970000 - 0x00007ff83f99c000 	C:\Windows\SYSTEM32\Wldp.dll
0x00007ff841650000 - 0x00007ff8416fd000 	C:\Windows\System32\SHCORE.dll
0x00007ff8421f0000 - 0x00007ff842245000 	C:\Windows\System32\shlwapi.dll
0x00007ff83ff10000 - 0x00007ff83ff2f000 	C:\Windows\SYSTEM32\profapi.dll
0x00007ff831d30000 - 0x00007ff831d4a000 	C:\Program Files\Android\Android Studio\jre\bin\net.dll
0x00007ff82c800000 - 0x00007ff82c90a000 	C:\Windows\SYSTEM32\WINHTTP.dll
0x00007ff83f6d0000 - 0x00007ff83f73a000 	C:\Windows\system32\mswsock.dll
0x00007ff82b790000 - 0x00007ff82b7a4000 	C:\Program Files\Android\Android Studio\jre\bin\nio.dll
0x00007ff82b5e0000 - 0x00007ff82b607000 	C:\Users\Vishwak\.gradle\native\8bec1ad78214c89d9ad589b4d07fe93259594b29d510b10fafb7a158f7737e5d\windows-amd64\native-platform.dll
0x00007ff82a750000 - 0x00007ff82a88d000 	C:\Users\Vishwak\.gradle\native\53dbd7edfb1c66fb8903c78663c9afc45aea4f116125fa6feffd364cf09443e8\windows-amd64\native-platform-file-events.dll
0x00007ff83ab80000 - 0x00007ff83ab8a000 	C:\Program Files\Android\Android Studio\jre\bin\management.dll
0x00007ff8391c0000 - 0x00007ff8391cc000 	C:\Program Files\Android\Android Studio\jre\bin\management_ext.dll
0x00007ff83f8c0000 - 0x00007ff83f8d8000 	C:\Windows\SYSTEM32\CRYPTSP.dll
0x00007ff83f050000 - 0x00007ff83f084000 	C:\Windows\system32\rsaenh.dll
0x00007ff840070000 - 0x00007ff840097000 	C:\Windows\System32\bcrypt.dll
0x00007ff83fed0000 - 0x00007ff83fefe000 	C:\Windows\SYSTEM32\USERENV.dll
0x00007ff83f8e0000 - 0x00007ff83f8ec000 	C:\Windows\SYSTEM32\CRYPTBASE.dll
0x00007ff83f3c0000 - 0x00007ff83f3fb000 	C:\Windows\SYSTEM32\IPHLPAPI.DLL
0x00007ff841540000 - 0x00007ff841548000 	C:\Windows\System32\NSI.dll
0x00007ff831c20000 - 0x00007ff831c37000 	C:\Windows\SYSTEM32\dhcpcsvc6.DLL
0x00007ff8369d0000 - 0x00007ff8369ed000 	C:\Windows\SYSTEM32\dhcpcsvc.DLL
0x00007ff83f400000 - 0x00007ff83f4cb000 	C:\Windows\SYSTEM32\DNSAPI.dll

dbghelp: loaded successfully - version: 4.0.5 - missing functions: none
symbol engine: initialized successfully - sym options: 0x614 - pdb path: .;C:\Program Files\Android\Android Studio\jre\bin;C:\Windows\SYSTEM32;C:\Windows\WinSxS\amd64_microsoft.windows.common-controls_6595b64144ccf1df_6.0.19041.1110_none_60b5254171f9507e;C:\Program Files\Android\Android Studio\jre\bin\server;C:\Users\Vishwak\.gradle\native\8bec1ad78214c89d9ad589b4d07fe93259594b29d510b10fafb7a158f7737e5d\windows-amd64;C:\Users\Vishwak\.gradle\native\53dbd7edfb1c66fb8903c78663c9afc45aea4f116125fa6feffd364cf09443e8\windows-amd64

VM Arguments:
jvm_args: --add-opens=java.base/java.util=ALL-UNNAMED --add-opens=java.base/java.lang=ALL-UNNAMED --add-opens=java.base/java.lang.invoke=ALL-UNNAMED --add-opens=java.base/java.util=ALL-UNNAMED --add-opens=java.prefs/java.util.prefs=ALL-UNNAMED --add-opens=java.prefs/java.util.prefs=ALL-UNNAMED --add-opens=java.base/java.nio.charset=ALL-UNNAMED --add-opens=java.base/java.net=ALL-UNNAMED --add-opens=java.base/java.util.concurrent.atomic=ALL-UNNAMED -Xmx2048m -Dfile.encoding=UTF-8 -Duser.country=IN -Duser.language=en -Duser.variant 
java_command: org.gradle.launcher.daemon.bootstrap.GradleDaemon 7.0.2
java_class_path (initial): C:\Users\Vishwak\.gradle\wrapper\dists\gradle-7.0.2-bin\857tjihv64xamwrf0h14cai3r\gradle-7.0.2\lib\gradle-launcher-7.0.2.jar
Launcher Type: SUN_STANDARD

[Global flags]
     intx CICompilerCount                          = 3                                         {product} {ergonomic}
     uint ConcGCThreads                            = 1                                         {product} {ergonomic}
     uint G1ConcRefinementThreads                  = 4                                         {product} {ergonomic}
   size_t G1HeapRegionSize                         = 1048576                                   {product} {ergonomic}
    uintx GCDrainStackTargetSize                   = 64                                        {product} {ergonomic}
   size_t InitialHeapSize                          = 134217728                                 {product} {ergonomic}
   size_t MarkStackSize                            = 4194304                                   {product} {ergonomic}
   size_t MaxHeapSize                              = 2147483648                                {product} {command line}
   size_t MaxNewSize                               = 1287651328                                {product} {ergonomic}
   size_t MinHeapDeltaBytes                        = 1048576                                   {product} {ergonomic}
    uintx NonNMethodCodeHeapSize                   = 5830732                                {pd product} {ergonomic}
    uintx NonProfiledCodeHeapSize                  = 122913754                              {pd product} {ergonomic}
    uintx ProfiledCodeHeapSize                     = 122913754                              {pd product} {ergonomic}
    uintx ReservedCodeCacheSize                    = 251658240                              {pd product} {ergonomic}
     bool SegmentedCodeCache                       = true                                      {product} {ergonomic}
     bool UseCompressedClassPointers               = true                                 {lp64_product} {ergonomic}
     bool UseCompressedOops                        = true                                 {lp64_product} {ergonomic}
     bool UseG1GC                                  = true                                      {product} {ergonomic}
     bool UseLargePagesIndividualAllocation        = false                                  {pd product} {ergonomic}

Logging:
Log output configuration:
 #0: stdout all=warning uptime,level,tags
 #1: stderr all=off uptime,level,tags

Environment Variables:
PATH=C:\Program Files\Common Files\Oracle\Java\javapath;C:\Windows\system32;C:\Windows;C:\Windows\System32\Wbem;C:\Windows\System32\WindowsPowerShell\v1.0\;C:\Windows\System32\OpenSSH\;C:\Users\Vishwak\AppData\Local\Programs\Python\Python310\Scripts\;C:\Users\Vishwak\AppData\Local\Programs\Python\Python310\;C:\Users\Vishwak\new python\Scripts\;C:\Users\Vishwak\new python\;C:\Users\Vishwak\AppData\Local\Microsoft\WindowsApps;;C:\Program Files\JetBrains\PyCharm Community Edition 2021.3\bin;;C:\Users\Vishwak\AppData\Local\Programs\Microsoft VS Code\bin
USERNAME=Vishwak
OS=Windows_NT
PROCESSOR_IDENTIFIER=Intel64 Family 6 Model 142 Stepping 10, GenuineIntel



---------------  S Y S T E M  ---------------

OS: Windows 10 , 64 bit Build 19041 (10.0.19041.1645)
OS uptime: 2 days 8:38 hours

CPU:total 4 (initial active 4) (2 cores per cpu, 2 threads per core) family 6 model 142 stepping 10 microcode 0xe0, cmov, cx8, fxsr, mmx, sse, sse2, sse3, ssse3, sse4.1, sse4.2, popcnt, avx, avx2, aes, clmul, erms, 3dnowpref, lzcnt, ht, tsc, tscinvbit, bmi1, bmi2, adx, fma

Memory: 4k page, system-wide physical 8103M (515M free)
TotalPageFile size 8103M (AvailPageFile size 6M)
current process WorkingSet (physical memory assigned to process): 400M, peak: 400M
current process commit charge ("private bytes"): 430M, peak: 432M

vm_info: OpenJDK 64-Bit Server VM (11.0.10+0-b96-7249189) for windows-amd64 JRE (11.0.10+0-b96-7249189), built on Mar 31 2021 21:44:00 by "builder" with MS VC++ 14.0 (VS2015)

END.
