#
# There is insufficient memory for the Java Runtime Environment to continue.
# Native memory allocation (mmap) failed to map 38797312 bytes for Failed to commit area from 0x000000008b900000 to 0x000000008de00000 of length 38797312.
# Possible reasons:
#   The system is out of physical RAM or swap space
#   The process is running with CompressedOops enabled, and the Java Heap may be blocking the growth of the native heap
# Possible solutions:
#   Reduce memory load on the system
#   Increase physical memory or swap space
#   Check if swap backing store is full
#   Decrease Java heap size (-Xmx/-Xms)
#   Decrease number of Java threads
#   Decrease Java thread stack sizes (-Xss)
#   Set larger code cache with -XX:ReservedCodeCacheSize=
#   JVM is running with Unscaled Compressed Oops mode in which the Java heap is
#     placed in the first 4GB address space. The Java Heap base address is the
#     maximum limit for the native heap growth. Please use -XX:HeapBaseMinAddress
#     to set the Java Heap base and to place the Java Heap above 4GB virtual address.
# This output file may be truncated or incomplete.
#
#  Out of Memory Error (./src/hotspot/os/windows/os_windows.cpp:3301), pid=10732, tid=1644
#
# JRE version: OpenJDK Runtime Environment (11.0.10) (build 11.0.10+0-b96-7249189)
# Java VM: OpenJDK 64-Bit Server VM (11.0.10+0-b96-7249189, mixed mode, tiered, compressed oops, g1 gc, windows-amd64)
# No core dump will be written. Minidumps are not enabled by default on client versions of Windows
#

---------------  S U M M A R Y ------------

Command Line: --add-opens=java.base/java.util=ALL-UNNAMED --add-opens=java.base/java.lang=ALL-UNNAMED --add-opens=java.base/java.lang.invoke=ALL-UNNAMED --add-opens=java.base/java.util=ALL-UNNAMED --add-opens=java.prefs/java.util.prefs=ALL-UNNAMED --add-opens=java.prefs/java.util.prefs=ALL-UNNAMED --add-opens=java.base/java.nio.charset=ALL-UNNAMED --add-opens=java.base/java.net=ALL-UNNAMED --add-opens=java.base/java.util.concurrent.atomic=ALL-UNNAMED -Xmx2048m -Dfile.encoding=UTF-8 -Duser.country=IN -Duser.language=en -Duser.variant org.gradle.launcher.daemon.bootstrap.GradleDaemon 7.0.2

Host: Intel(R) Core(TM) i3-8130U CPU @ 2.20GHz, 4 cores, 7G,  Windows 10 , 64 bit Build 19041 (10.0.19041.1645)
Time: Tue May 24 12:53:49 2022 India Standard Time elapsed time: 20.872518 seconds (0d 0h 0m 20s)

---------------  T H R E A D  ---------------

Current thread (0x000001ce6c518000):  VMThread "VM Thread" [stack: 0x00000055bc900000,0x00000055bca00000] [id=1644]

Stack: [0x00000055bc900000,0x00000055bca00000]
[error occurred during error reporting (printing stack bounds), id 0xc0000005, EXCEPTION_ACCESS_VIOLATION (0xc0000005) at pc=0x000001ce55ca0f2d]

Native frames: (J=compiled Java code, j=interpreted, Vv=VM code, C=native code)
V  [jvm.dll+0x5ecfaa]
V  [jvm.dll+0x722bd5]
V  [jvm.dll+0x72412d]
V  [jvm.dll+0x724745]
V  [jvm.dll+0x7246fb]
V  [jvm.dll+0x5ec348]
V  [jvm.dll+0x5ecad8]
C  [ntdll.dll+0xa20cf]
C  [ntdll.dll+0x51454]
C  [ntdll.dll+0xa0bfe]
C  0x000001ce55ca0f2d

VM_Operation (0x00000055be4fddb0): G1CollectForAllocation, mode: safepoint, requested by thread 0x000001ce6de76000


---------------  P R O C E S S  ---------------

Threads class SMR info:
_java_thread_list=0x000001ce71015ef0, length=43, elements={
0x000001ce521ad000, 0x000001ce6c51e000, 0x000001ce6c521800, 0x000001ce6c53a000,
0x000001ce6c53b000, 0x000001ce6c541800, 0x000001ce6c543000, 0x000001ce6c547800,
0x000001ce6c54d800, 0x000001ce6d007000, 0x000001ce706bd800, 0x000001ce6da05800,
0x000001ce6e5d6800, 0x000001ce6f2a4800, 0x000001ce6ed6b000, 0x000001ce6ef4d800,
0x000001ce6f243000, 0x000001ce6dc35000, 0x000001ce6ea4e000, 0x000001ce6ef6a000,
0x000001ce6de76800, 0x000001ce6de73800, 0x000001ce6de7a000, 0x000001ce6de76000,
0x000001ce6de77800, 0x000001ce6de78000, 0x000001ce6de79000, 0x000001ce6de74000,
0x000001ce6de75000, 0x000001ce70e80000, 0x000001ce70e7d000, 0x000001ce70e7e000,
0x000001ce70e7f800, 0x000001ce70e7a800, 0x000001ce70e81000, 0x000001ce70e7c000,
0x000001ce70e82000, 0x000001ce70e7e800, 0x000001ce70e83800, 0x000001ce70e84800,
0x000001ce70e85000, 0x000001ce70e88800, 0x000001ce70e87000
}

Java Threads: ( => current thread )
  0x000001ce521ad000 JavaThread "main" [_thread_blocked, id=11532, stack(0x00000055bc300000,0x00000055bc400000)]
  0x000001ce6c51e000 JavaThread "Reference Handler" daemon [_thread_blocked, id=4496, stack(0x00000055bca00000,0x00000055bcb00000)]
  0x000001ce6c521800 JavaThread "Finalizer" daemon [_thread_blocked, id=9600, stack(0x00000055bcb00000,0x00000055bcc00000)]
  0x000001ce6c53a000 JavaThread "Signal Dispatcher" daemon [_thread_blocked, id=12704, stack(0x00000055bcc00000,0x00000055bcd00000)]
  0x000001ce6c53b000 JavaThread "Attach Listener" daemon [_thread_blocked, id=11188, stack(0x00000055bcd00000,0x00000055bce00000)]
  0x000001ce6c541800 JavaThread "Service Thread" daemon [_thread_blocked, id=4484, stack(0x00000055bce00000,0x00000055bcf00000)]
  0x000001ce6c543000 JavaThread "C2 CompilerThread0" daemon [_thread_blocked, id=11780, stack(0x00000055bcf00000,0x00000055bd000000)]
  0x000001ce6c547800 JavaThread "C1 CompilerThread0" daemon [_thread_blocked, id=7836, stack(0x00000055bd000000,0x00000055bd100000)]
  0x000001ce6c54d800 JavaThread "Sweeper thread" daemon [_thread_blocked, id=12912, stack(0x00000055bd100000,0x00000055bd200000)]
  0x000001ce6d007000 JavaThread "Common-Cleaner" daemon [_thread_blocked, id=6480, stack(0x00000055bd200000,0x00000055bd300000)]
  0x000001ce706bd800 JavaThread "Daemon health stats" [_thread_blocked, id=1164, stack(0x00000055bd700000,0x00000055bd800000)]
  0x000001ce6da05800 JavaThread "Incoming local TCP Connector on port 59915" [_thread_in_native, id=2940, stack(0x00000055bd600000,0x00000055bd700000)]
  0x000001ce6e5d6800 JavaThread "Daemon periodic checks" [_thread_blocked, id=2352, stack(0x00000055bd800000,0x00000055bd900000)]
  0x000001ce6f2a4800 JavaThread "Daemon" [_thread_blocked, id=768, stack(0x00000055bd900000,0x00000055bda00000)]
  0x000001ce6ed6b000 JavaThread "Handler for socket connection from /127.0.0.1:59915 to /127.0.0.1:59916" [_thread_in_native, id=6780, stack(0x00000055bda00000,0x00000055bdb00000)]
  0x000001ce6ef4d800 JavaThread "Cancel handler" [_thread_blocked, id=1908, stack(0x00000055bdb00000,0x00000055bdc00000)]
  0x000001ce6f243000 JavaThread "Daemon worker" [_thread_blocked, id=10200, stack(0x00000055bdc00000,0x00000055bdd00000)]
  0x000001ce6dc35000 JavaThread "Asynchronous log dispatcher for DefaultDaemonConnection: socket connection from /127.0.0.1:59915 to /127.0.0.1:59916" [_thread_blocked, id=9624, stack(0x00000055bdd00000,0x00000055bde00000)]
  0x000001ce6ea4e000 JavaThread "Stdin handler" [_thread_blocked, id=2904, stack(0x00000055bde00000,0x00000055bdf00000)]
  0x000001ce6ef6a000 JavaThread "C2 CompilerThread1" daemon [_thread_blocked, id=580, stack(0x00000055bdf00000,0x00000055be000000)]
  0x000001ce6de76800 JavaThread "Daemon client event forwarder" [_thread_blocked, id=4436, stack(0x00000055be000000,0x00000055be100000)]
  0x000001ce6de73800 JavaThread "Cache worker for file hash cache (C:\Users\Vishwak\.gradle\caches\7.0.2\fileHashes)" [_thread_blocked, id=13064, stack(0x00000055be200000,0x00000055be300000)]
  0x000001ce6de7a000 JavaThread "File lock request listener" [_thread_in_native, id=7580, stack(0x00000055be300000,0x00000055be400000)]
  0x000001ce6de76000 JavaThread "Cache worker for journal cache (C:\Users\Vishwak\.gradle\caches\journal-1)" [_thread_blocked, id=11640, stack(0x00000055be400000,0x00000055be500000)]
  0x000001ce6de77800 JavaThread "Cache worker for file hash cache (E:\Playsome_1\.gradle\7.0.2\fileHashes)" [_thread_blocked, id=12784, stack(0x00000055be500000,0x00000055be600000)]
  0x000001ce6de78000 JavaThread "File watcher server" daemon [_thread_in_native, id=6696, stack(0x00000055be600000,0x00000055be700000)]
  0x000001ce6de79000 JavaThread "File watcher consumer" daemon [_thread_blocked, id=3196, stack(0x00000055be700000,0x00000055be800000)]
  0x000001ce6de74000 JavaThread "jar transforms" [_thread_blocked, id=11236, stack(0x00000055be800000,0x00000055be900000)]
  0x000001ce6de75000 JavaThread "jar transforms Thread 2" [_thread_blocked, id=9748, stack(0x00000055be900000,0x00000055bea00000)]
  0x000001ce70e80000 JavaThread "jar transforms Thread 3" [_thread_blocked, id=3656, stack(0x00000055bea00000,0x00000055beb00000)]
  0x000001ce70e7d000 JavaThread "jar transforms Thread 4" [_thread_blocked, id=3152, stack(0x00000055beb00000,0x00000055bec00000)]
  0x000001ce70e7e000 JavaThread "Cache worker for checksums cache (E:\Playsome_1\.gradle\checksums)" [_thread_blocked, id=8604, stack(0x00000055bec00000,0x00000055bed00000)]
  0x000001ce70e7f800 JavaThread "Cache worker for cache directory md-supplier (C:\Users\Vishwak\.gradle\caches\7.0.2\md-supplier)" [_thread_blocked, id=9152, stack(0x00000055bed00000,0x00000055bee00000)]
  0x000001ce70e7a800 JavaThread "Cache worker for cache directory md-rule (C:\Users\Vishwak\.gradle\caches\7.0.2\md-rule)" [_thread_blocked, id=13168, stack(0x00000055bee00000,0x00000055bef00000)]
  0x000001ce70e81000 JavaThread "Cache worker for execution history cache (C:\Users\Vishwak\.gradle\caches\7.0.2\executionHistory)" [_thread_blocked, id=12164, stack(0x00000055bef00000,0x00000055bf000000)]
  0x000001ce70e7c000 JavaThread "Cache worker for file content cache (C:\Users\Vishwak\.gradle\caches\7.0.2\fileContent)" [_thread_blocked, id=9004, stack(0x00000055bf000000,0x00000055bf100000)]
  0x000001ce70e82000 JavaThread "Cache worker for dependencies-accessors (E:\Playsome_1\.gradle\7.0.2\dependencies-accessors)" [_thread_blocked, id=9676, stack(0x00000055bf100000,0x00000055bf200000)]
  0x000001ce70e7e800 JavaThread "Cache worker for Build Output Cleanup Cache (E:\Playsome_1\.gradle\buildOutputCleanup)" [_thread_blocked, id=8356, stack(0x00000055bf200000,0x00000055bf300000)]
  0x000001ce70e83800 JavaThread "Build operations" [_thread_blocked, id=1808, stack(0x00000055bf300000,0x00000055bf400000)]
  0x000001ce70e84800 JavaThread "Build operations Thread 2" [_thread_blocked, id=7036, stack(0x00000055bf400000,0x00000055bf500000)]
  0x000001ce70e85000 JavaThread "Build operations Thread 3" [_thread_blocked, id=5540, stack(0x00000055bf500000,0x00000055bf600000)]
  0x000001ce70e88800 JavaThread "Build operations Thread 4" [_thread_blocked, id=8120, stack(0x00000055bf600000,0x00000055bf700000)]
  0x000001ce70e87000 JavaThread "Memory manager" [_thread_blocked, id=4044, stack(0x00000055bf700000,0x00000055bf800000)]

Other Threads:
=>0x000001ce6c518000 VMThread "VM Thread" [stack: 0x00000055bc900000,0x00000055bca00000] [id=1644]
  0x000001ce6d022800 WatcherThread [stack: 0x00000055bd300000,0x00000055bd400000] [id=4640]
  0x000001ce521c6000 GCTaskThread "GC Thread#0" [stack: 0x00000055bc400000,0x00000055bc500000] [id=10156]
  0x000001ce6d330800 GCTaskThread "GC Thread#1" [stack: 0x00000055bd400000,0x00000055bd500000] [id=3392]
  0x000001ce6d7b8800 GCTaskThread "GC Thread#2" [stack: 0x00000055bd500000,0x00000055bd600000] [id=11820]
  0x000001ce6ecff800 GCTaskThread "GC Thread#3" [stack: 0x00000055be100000,0x00000055be200000] [id=5000]
  0x000001ce521f8000 ConcurrentGCThread "G1 Main Marker" [stack: 0x00000055bc500000,0x00000055bc600000] [id=11724]
  0x000001ce521f9000 ConcurrentGCThread "G1 Conc#0" [stack: 0x00000055bc600000,0x00000055bc700000] [id=4196]
  0x000001ce52287000 ConcurrentGCThread "G1 Refine#0" [stack: 0x00000055bc700000,0x00000055bc800000] [id=10208]
  0x000001ce52288000 ConcurrentGCThread "G1 Young RemSet Sampling" [stack: 0x00000055bc800000,0x00000055bc900000] [id=2908]

Threads with active compile tasks:
C2 CompilerThread0  20895 9927       4       org.gradle.api.internal.collections.AbstractIterationOrderRetainingElementSource$RealizedElementCollectionIterator::updateNext (157 bytes)
C2 CompilerThread1  20895 9844       4       org.gradle.internal.instantiation.generator.DependencyInjectingInstantiator::newInstance (8 bytes)

VM state:at safepoint (normal execution)

VM Mutex/Monitor currently owned by a thread:  ([mutex/lock_event])
[0x000001ce521a8830] Threads_lock - owner thread: 0x000001ce6c518000
[0x000001ce521a9400] Heap_lock - owner thread: 0x000001ce6de76000

Heap address: 0x0000000080000000, size: 2048 MB, Compressed Oops mode: 32-bit
Narrow klass base: 0x0000000000000000, Narrow klass shift: 3
Compressed class space size: 1073741824 Address: 0x0000000100000000

Heap:
 garbage-first heap   total 227328K, used 95277K [0x0000000080000000, 0x0000000100000000)
  region size 1024K, 7 young (7168K), 7 survivors (7168K)
 Metaspace       used 89244K, capacity 91620K, committed 91672K, reserved 1128448K
  class space    used 11451K, capacity 12316K, committed 12364K, reserved 1048576K
Heap Regions: E=young(eden), S=young(survivor), O=old, HS=humongous(starts), HC=humongous(continues), CS=collection set, F=free, A=archive, TAMS=top-at-mark-start (previous, next)
|   0|0x0000000080000000, 0x0000000080100000, 0x0000000080100000|100%| O|  |TAMS 0x0000000080100000, 0x0000000080000000| Untracked 
|   1|0x0000000080100000, 0x0000000080200000, 0x0000000080200000|100%| O|  |TAMS 0x0000000080200000, 0x0000000080100000| Untracked 
|   2|0x0000000080200000, 0x0000000080300000, 0x0000000080300000|100%| O|  |TAMS 0x0000000080300000, 0x0000000080200000| Untracked 
|   3|0x0000000080300000, 0x0000000080400000, 0x0000000080400000|100%|HS|  |TAMS 0x0000000080400000, 0x0000000080300000| Complete 
|   4|0x0000000080400000, 0x0000000080500000, 0x0000000080500000|100%|HC|  |TAMS 0x0000000080500000, 0x0000000080400000| Complete 
|   5|0x0000000080500000, 0x0000000080600000, 0x0000000080600000|100%|HC|  |TAMS 0x0000000080600000, 0x0000000080500000| Complete 
|   6|0x0000000080600000, 0x0000000080700000, 0x0000000080700000|100%| O|  |TAMS 0x0000000080700000, 0x0000000080600000| Untracked 
|   7|0x0000000080700000, 0x0000000080800000, 0x0000000080800000|100%| O|  |TAMS 0x0000000080800000, 0x0000000080700000| Untracked 
|   8|0x0000000080800000, 0x0000000080900000, 0x0000000080900000|100%| O|  |TAMS 0x0000000080900000, 0x0000000080800000| Untracked 
|   9|0x0000000080900000, 0x0000000080a00000, 0x0000000080a00000|100%| O|  |TAMS 0x0000000080a00000, 0x0000000080900000| Untracked 
|  10|0x0000000080a00000, 0x0000000080b00000, 0x0000000080b00000|100%| O|  |TAMS 0x0000000080b00000, 0x0000000080a00000| Untracked 
|  11|0x0000000080b00000, 0x0000000080c00000, 0x0000000080c00000|100%| O|  |TAMS 0x0000000080c00000, 0x0000000080b00000| Untracked 
|  12|0x0000000080c00000, 0x0000000080d00000, 0x0000000080d00000|100%| O|  |TAMS 0x0000000080d00000, 0x0000000080c00000| Untracked 
|  13|0x0000000080d00000, 0x0000000080e00000, 0x0000000080e00000|100%| O|  |TAMS 0x0000000080e00000, 0x0000000080d00000| Untracked 
|  14|0x0000000080e00000, 0x0000000080f00000, 0x0000000080f00000|100%| O|  |TAMS 0x0000000080f00000, 0x0000000080e00000| Untracked 
|  15|0x0000000080f00000, 0x0000000081000000, 0x0000000081000000|100%| O|  |TAMS 0x0000000081000000, 0x0000000080f00000| Untracked 
|  16|0x0000000081000000, 0x0000000081100000, 0x0000000081100000|100%|HS|  |TAMS 0x0000000081100000, 0x0000000081000000| Complete 
|  17|0x0000000081100000, 0x0000000081200000, 0x0000000081200000|100%|HC|  |TAMS 0x0000000081200000, 0x0000000081100000| Complete 
|  18|0x0000000081200000, 0x0000000081300000, 0x0000000081300000|100%|HS|  |TAMS 0x0000000081300000, 0x0000000081200000| Complete 
|  19|0x0000000081300000, 0x0000000081400000, 0x0000000081400000|100%|HC|  |TAMS 0x0000000081400000, 0x0000000081300000| Complete 
|  20|0x0000000081400000, 0x0000000081500000, 0x0000000081500000|100%|HC|  |TAMS 0x0000000081500000, 0x0000000081400000| Complete 
|  21|0x0000000081500000, 0x0000000081600000, 0x0000000081600000|100%|HS|  |TAMS 0x0000000081600000, 0x0000000081500000| Complete 
|  22|0x0000000081600000, 0x0000000081700000, 0x0000000081700000|100%|HC|  |TAMS 0x0000000081700000, 0x0000000081600000| Complete 
|  23|0x0000000081700000, 0x0000000081800000, 0x0000000081800000|100%|HC|  |TAMS 0x0000000081800000, 0x0000000081700000| Complete 
|  24|0x0000000081800000, 0x0000000081900000, 0x0000000081900000|100%|HC|  |TAMS 0x0000000081900000, 0x0000000081800000| Complete 
|  25|0x0000000081900000, 0x0000000081a00000, 0x0000000081a00000|100%|HC|  |TAMS 0x0000000081a00000, 0x0000000081900000| Complete 
|  26|0x0000000081a00000, 0x0000000081b00000, 0x0000000081b00000|100%| O|  |TAMS 0x0000000081b00000, 0x0000000081a00000| Untracked 
|  27|0x0000000081b00000, 0x0000000081c00000, 0x0000000081c00000|100%| O|  |TAMS 0x0000000081c00000, 0x0000000081b00000| Untracked 
|  28|0x0000000081c00000, 0x0000000081d00000, 0x0000000081d00000|100%| O|  |TAMS 0x0000000081d00000, 0x0000000081c00000| Untracked 
|  29|0x0000000081d00000, 0x0000000081e00000, 0x0000000081e00000|100%| O|  |TAMS 0x0000000081e00000, 0x0000000081d00000| Untracked 
|  30|0x0000000081e00000, 0x0000000081f00000, 0x0000000081f00000|100%| O|  |TAMS 0x0000000081f00000, 0x0000000081e00000| Untracked 
|  31|0x0000000081f00000, 0x0000000082000000, 0x0000000082000000|100%| O|  |TAMS 0x0000000082000000, 0x0000000081f00000| Untracked 
|  32|0x0000000082000000, 0x0000000082100000, 0x0000000082100000|100%|HS|  |TAMS 0x0000000082100000, 0x0000000082000000| Complete 
|  33|0x0000000082100000, 0x0000000082200000, 0x0000000082200000|100%|HC|  |TAMS 0x0000000082200000, 0x0000000082100000| Complete 
|  34|0x0000000082200000, 0x0000000082300000, 0x0000000082300000|100%|HC|  |TAMS 0x0000000082300000, 0x0000000082200000| Complete 
|  35|0x0000000082300000, 0x0000000082400000, 0x0000000082400000|100%|HC|  |TAMS 0x0000000082400000, 0x0000000082300000| Complete 
|  36|0x0000000082400000, 0x0000000082500000, 0x0000000082500000|100%|HC|  |TAMS 0x0000000082500000, 0x0000000082400000| Complete 
|  37|0x0000000082500000, 0x0000000082600000, 0x0000000082600000|100%|HS|  |TAMS 0x0000000082600000, 0x0000000082500000| Complete 
|  38|0x0000000082600000, 0x0000000082700000, 0x0000000082700000|100%|HC|  |TAMS 0x0000000082700000, 0x0000000082600000| Complete 
|  39|0x0000000082700000, 0x0000000082800000, 0x0000000082800000|100%|HC|  |TAMS 0x0000000082800000, 0x0000000082700000| Complete 
|  40|0x0000000082800000, 0x0000000082900000, 0x0000000082900000|100%|HS|  |TAMS 0x0000000082900000, 0x0000000082800000| Complete 
|  41|0x0000000082900000, 0x0000000082a00000, 0x0000000082a00000|100%| O|  |TAMS 0x0000000082a00000, 0x0000000082900000| Untracked 
|  42|0x0000000082a00000, 0x0000000082b00000, 0x0000000082b00000|100%| O|  |TAMS 0x0000000082b00000, 0x0000000082a00000| Untracked 
|  43|0x0000000082b00000, 0x0000000082c00000, 0x0000000082c00000|100%| O|  |TAMS 0x0000000082c00000, 0x0000000082b00000| Untracked 
|  44|0x0000000082c00000, 0x0000000082d00000, 0x0000000082d00000|100%| O|  |TAMS 0x0000000082d00000, 0x0000000082c00000| Untracked 
|  45|0x0000000082d00000, 0x0000000082e00000, 0x0000000082e00000|100%| O|  |TAMS 0x0000000082e00000, 0x0000000082d00000| Untracked 
|  46|0x0000000082e00000, 0x0000000082f00000, 0x0000000082f00000|100%| O|  |TAMS 0x0000000082f00000, 0x0000000082e00000| Untracked 
|  47|0x0000000082f00000, 0x0000000083000000, 0x0000000083000000|100%| O|  |TAMS 0x0000000083000000, 0x0000000082f00000| Untracked 
|  48|0x0000000083000000, 0x0000000083100000, 0x0000000083100000|100%| O|  |TAMS 0x0000000083100000, 0x0000000083000000| Untracked 
|  49|0x0000000083100000, 0x0000000083200000, 0x0000000083200000|100%| O|  |TAMS 0x0000000083200000, 0x0000000083100000| Untracked 
|  50|0x0000000083200000, 0x0000000083300000, 0x0000000083300000|100%|HS|  |TAMS 0x0000000083300000, 0x0000000083200000| Complete 
|  51|0x0000000083300000, 0x0000000083400000, 0x0000000083400000|100%|HS|  |TAMS 0x0000000083400000, 0x0000000083300000| Complete 
|  52|0x0000000083400000, 0x0000000083500000, 0x0000000083500000|100%|HC|  |TAMS 0x0000000083500000, 0x0000000083400000| Complete 
|  53|0x0000000083500000, 0x0000000083600000, 0x0000000083600000|100%| O|  |TAMS 0x0000000083600000, 0x0000000083500000| Untracked 
|  54|0x0000000083600000, 0x0000000083700000, 0x0000000083700000|100%| O|  |TAMS 0x0000000083700000, 0x0000000083600000| Untracked 
|  55|0x0000000083700000, 0x0000000083800000, 0x0000000083800000|100%| O|  |TAMS 0x0000000083800000, 0x0000000083700000| Untracked 
|  56|0x0000000083800000, 0x0000000083900000, 0x0000000083900000|100%| O|  |TAMS 0x0000000083900000, 0x0000000083800000| Untracked 
|  57|0x0000000083900000, 0x0000000083a00000, 0x0000000083a00000|100%| O|  |TAMS 0x0000000083a00000, 0x0000000083900000| Untracked 
|  58|0x0000000083a00000, 0x0000000083b00000, 0x0000000083b00000|100%| O|  |TAMS 0x0000000083b00000, 0x0000000083a00000| Untracked 
|  59|0x0000000083b00000, 0x0000000083c00000, 0x0000000083c00000|100%| O|  |TAMS 0x0000000083c00000, 0x0000000083b00000| Untracked 
|  60|0x0000000083c00000, 0x0000000083d00000, 0x0000000083d00000|100%| O|  |TAMS 0x0000000083d00000, 0x0000000083c00000| Untracked 
|  61|0x0000000083d00000, 0x0000000083e00000, 0x0000000083e00000|100%| O|  |TAMS 0x0000000083e00000, 0x0000000083d00000| Untracked 
|  62|0x0000000083e00000, 0x0000000083f00000, 0x0000000083f00000|100%| O|  |TAMS 0x0000000083f00000, 0x0000000083e00000| Untracked 
|  63|0x0000000083f00000, 0x0000000084000000, 0x0000000084000000|100%| O|  |TAMS 0x0000000084000000, 0x0000000083f00000| Untracked 
|  64|0x0000000084000000, 0x0000000084100000, 0x0000000084100000|100%| O|  |TAMS 0x0000000084100000, 0x0000000084000000| Untracked 
|  65|0x0000000084100000, 0x0000000084200000, 0x0000000084200000|100%| O|  |TAMS 0x0000000084200000, 0x0000000084100000| Untracked 
|  66|0x0000000084200000, 0x0000000084300000, 0x0000000084300000|100%| O|  |TAMS 0x0000000084300000, 0x0000000084200000| Untracked 
|  67|0x0000000084300000, 0x0000000084400000, 0x0000000084400000|100%| O|  |TAMS 0x0000000084400000, 0x0000000084300000| Untracked 
|  68|0x0000000084400000, 0x0000000084500000, 0x0000000084500000|100%| O|  |TAMS 0x0000000084500000, 0x0000000084400000| Untracked 
|  69|0x0000000084500000, 0x0000000084600000, 0x0000000084600000|100%| O|  |TAMS 0x0000000084600000, 0x0000000084500000| Untracked 
|  70|0x0000000084600000, 0x0000000084700000, 0x0000000084700000|100%| O|  |TAMS 0x0000000084700000, 0x0000000084600000| Untracked 
|  71|0x0000000084700000, 0x0000000084800000, 0x0000000084800000|100%| O|  |TAMS 0x0000000084800000, 0x0000000084700000| Untracked 
|  72|0x0000000084800000, 0x0000000084900000, 0x0000000084900000|100%| O|  |TAMS 0x0000000084900000, 0x0000000084800000| Untracked 
|  73|0x0000000084900000, 0x0000000084a00000, 0x0000000084a00000|100%| O|  |TAMS 0x0000000084a00000, 0x0000000084900000| Untracked 
|  74|0x0000000084a00000, 0x0000000084b00000, 0x0000000084b00000|100%| O|  |TAMS 0x0000000084a35c00, 0x0000000084a00000| Untracked 
|  75|0x0000000084b00000, 0x0000000084c00000, 0x0000000084c00000|100%| O|  |TAMS 0x0000000084b00000, 0x0000000084b00000| Untracked 
|  76|0x0000000084c00000, 0x0000000084d00000, 0x0000000084d00000|100%| O|  |TAMS 0x0000000084c00000, 0x0000000084c00000| Untracked 
|  77|0x0000000084d00000, 0x0000000084e00000, 0x0000000084e00000|100%| O|  |TAMS 0x0000000084d00000, 0x0000000084d00000| Untracked 
|  78|0x0000000084e00000, 0x0000000084f00000, 0x0000000084f00000|100%| O|  |TAMS 0x0000000084e00000, 0x0000000084e00000| Untracked 
|  79|0x0000000084f00000, 0x0000000085000000, 0x0000000085000000|100%| O|  |TAMS 0x0000000084f00000, 0x0000000084f00000| Untracked 
|  80|0x0000000085000000, 0x0000000085100000, 0x0000000085100000|100%| O|  |TAMS 0x0000000085000000, 0x0000000085000000| Untracked 
|  81|0x0000000085100000, 0x0000000085200000, 0x0000000085200000|100%| O|  |TAMS 0x0000000085100000, 0x0000000085100000| Untracked 
|  82|0x0000000085200000, 0x0000000085300000, 0x0000000085300000|100%| O|  |TAMS 0x0000000085200000, 0x0000000085200000| Untracked 
|  83|0x0000000085300000, 0x0000000085400000, 0x0000000085400000|100%| O|  |TAMS 0x0000000085300000, 0x0000000085300000| Untracked 
|  84|0x0000000085400000, 0x0000000085500000, 0x0000000085500000|100%| O|  |TAMS 0x0000000085400000, 0x0000000085400000| Untracked 
|  85|0x0000000085500000, 0x0000000085600000, 0x0000000085600000|100%| O|  |TAMS 0x0000000085500000, 0x0000000085500000| Untracked 
|  86|0x0000000085600000, 0x000000008562ba00, 0x0000000085700000| 17%| O|  |TAMS 0x0000000085600000, 0x0000000085600000| Untracked 
|  87|0x0000000085700000, 0x0000000085700000, 0x0000000085800000|  0%| F|  |TAMS 0x0000000085700000, 0x0000000085700000| Untracked 
|  88|0x0000000085800000, 0x0000000085800000, 0x0000000085900000|  0%| F|  |TAMS 0x0000000085800000, 0x0000000085800000| Untracked 
|  89|0x0000000085900000, 0x0000000085900000, 0x0000000085a00000|  0%| F|  |TAMS 0x0000000085900000, 0x0000000085900000| Untracked 
|  90|0x0000000085a00000, 0x0000000085a00000, 0x0000000085b00000|  0%| F|  |TAMS 0x0000000085a00000, 0x0000000085a00000| Untracked 
|  91|0x0000000085b00000, 0x0000000085b00000, 0x0000000085c00000|  0%| F|  |TAMS 0x0000000085b00000, 0x0000000085b00000| Untracked 
|  92|0x0000000085c00000, 0x0000000085c00000, 0x0000000085d00000|  0%| F|  |TAMS 0x0000000085c00000, 0x0000000085c00000| Untracked 
|  93|0x0000000085d00000, 0x0000000085d00000, 0x0000000085e00000|  0%| F|  |TAMS 0x0000000085d00000, 0x0000000085d00000| Untracked 
|  94|0x0000000085e00000, 0x0000000085e00000, 0x0000000085f00000|  0%| F|  |TAMS 0x0000000085e00000, 0x0000000085e00000| Untracked 
|  95|0x0000000085f00000, 0x0000000085f00000, 0x0000000086000000|  0%| F|  |TAMS 0x0000000085f00000, 0x0000000085f00000| Untracked 
|  96|0x0000000086000000, 0x0000000086000000, 0x0000000086100000|  0%| F|  |TAMS 0x0000000086000000, 0x0000000086000000| Untracked 
|  97|0x0000000086100000, 0x0000000086100000, 0x0000000086200000|  0%| F|  |TAMS 0x0000000086100000, 0x0000000086100000| Untracked 
|  98|0x0000000086200000, 0x0000000086200000, 0x0000000086300000|  0%| F|  |TAMS 0x0000000086200000, 0x0000000086200000| Untracked 
|  99|0x0000000086300000, 0x0000000086300000, 0x0000000086400000|  0%| F|  |TAMS 0x0000000086300000, 0x0000000086300000| Untracked 
| 100|0x0000000086400000, 0x0000000086400000, 0x0000000086500000|  0%| F|  |TAMS 0x0000000086400000, 0x0000000086400000| Untracked 
| 101|0x0000000086500000, 0x0000000086500000, 0x0000000086600000|  0%| F|  |TAMS 0x0000000086500000, 0x0000000086500000| Untracked 
| 102|0x0000000086600000, 0x0000000086600000, 0x0000000086700000|  0%| F|  |TAMS 0x0000000086600000, 0x0000000086600000| Untracked 
| 103|0x0000000086700000, 0x0000000086700000, 0x0000000086800000|  0%| F|  |TAMS 0x0000000086700000, 0x0000000086700000| Untracked 
| 104|0x0000000086800000, 0x0000000086800000, 0x0000000086900000|  0%| F|  |TAMS 0x0000000086800000, 0x0000000086800000| Untracked 
| 105|0x0000000086900000, 0x0000000086900000, 0x0000000086a00000|  0%| F|  |TAMS 0x0000000086900000, 0x0000000086900000| Untracked 
| 106|0x0000000086a00000, 0x0000000086a00000, 0x0000000086b00000|  0%| F|  |TAMS 0x0000000086a00000, 0x0000000086a00000| Untracked 
| 107|0x0000000086b00000, 0x0000000086b00000, 0x0000000086c00000|  0%| F|  |TAMS 0x0000000086b00000, 0x0000000086b00000| Untracked 
| 108|0x0000000086c00000, 0x0000000086c00000, 0x0000000086d00000|  0%| F|  |TAMS 0x0000000086c00000, 0x0000000086c00000| Untracked 
| 109|0x0000000086d00000, 0x0000000086d00000, 0x0000000086e00000|  0%| F|  |TAMS 0x0000000086d00000, 0x0000000086d00000| Untracked 
| 110|0x0000000086e00000, 0x0000000086e00000, 0x0000000086f00000|  0%| F|  |TAMS 0x0000000086e00000, 0x0000000086e00000| Untracked 
| 111|0x0000000086f00000, 0x0000000086f00000, 0x0000000087000000|  0%| F|  |TAMS 0x0000000086f00000, 0x0000000086f00000| Untracked 
| 112|0x0000000087000000, 0x0000000087000000, 0x0000000087100000|  0%| F|  |TAMS 0x0000000087000000, 0x0000000087000000| Untracked 
| 113|0x0000000087100000, 0x0000000087100000, 0x0000000087200000|  0%| F|  |TAMS 0x0000000087100000, 0x0000000087100000| Untracked 
| 114|0x0000000087200000, 0x0000000087200000, 0x0000000087300000|  0%| F|  |TAMS 0x0000000087200000, 0x0000000087200000| Untracked 
| 115|0x0000000087300000, 0x0000000087300000, 0x0000000087400000|  0%| F|  |TAMS 0x0000000087300000, 0x0000000087300000| Untracked 
| 116|0x0000000087400000, 0x0000000087400000, 0x0000000087500000|  0%| F|  |TAMS 0x0000000087400000, 0x0000000087400000| Untracked 
| 117|0x0000000087500000, 0x00000000875dfc38, 0x0000000087600000| 87%| S|CS|TAMS 0x0000000087500000, 0x0000000087500000| Complete 
| 118|0x0000000087600000, 0x0000000087700000, 0x0000000087700000|100%| S|CS|TAMS 0x0000000087600000, 0x0000000087600000| Complete 
| 119|0x0000000087700000, 0x0000000087800000, 0x0000000087800000|100%| S|CS|TAMS 0x0000000087700000, 0x0000000087700000| Complete 
| 120|0x0000000087800000, 0x0000000087900000, 0x0000000087900000|100%| S|CS|TAMS 0x0000000087800000, 0x0000000087800000| Complete 
| 121|0x0000000087900000, 0x0000000087a00000, 0x0000000087a00000|100%| S|CS|TAMS 0x0000000087900000, 0x0000000087900000| Complete 
| 122|0x0000000087a00000, 0x0000000087b00000, 0x0000000087b00000|100%| S|CS|TAMS 0x0000000087a00000, 0x0000000087a00000| Complete 
| 123|0x0000000087b00000, 0x0000000087b00000, 0x0000000087c00000|  0%| F|  |TAMS 0x0000000087b00000, 0x0000000087b00000| Untracked 
| 124|0x0000000087c00000, 0x0000000087c00000, 0x0000000087d00000|  0%| F|  |TAMS 0x0000000087c00000, 0x0000000087c00000| Untracked 
| 125|0x0000000087d00000, 0x0000000087d00000, 0x0000000087e00000|  0%| F|  |TAMS 0x0000000087d00000, 0x0000000087d00000| Untracked 
| 126|0x0000000087e00000, 0x0000000087e00000, 0x0000000087f00000|  0%| F|  |TAMS 0x0000000087e00000, 0x0000000087e00000| Untracked 
| 127|0x0000000087f00000, 0x0000000087f00000, 0x0000000088000000|  0%| F|  |TAMS 0x0000000087f00000, 0x0000000087f00000| Untracked 
| 128|0x0000000088000000, 0x0000000088000000, 0x0000000088100000|  0%| F|  |TAMS 0x0000000088000000, 0x0000000088000000| Untracked 
| 129|0x0000000088100000, 0x0000000088200000, 0x0000000088200000|100%| S|CS|TAMS 0x0000000088100000, 0x0000000088100000| Complete 
| 130|0x0000000088200000, 0x0000000088200000, 0x0000000088300000|  0%| F|  |TAMS 0x0000000088200000, 0x0000000088200000| Untracked 
| 131|0x0000000088300000, 0x0000000088300000, 0x0000000088400000|  0%| F|  |TAMS 0x0000000088300000, 0x0000000088300000| Untracked 
| 132|0x0000000088400000, 0x0000000088400000, 0x0000000088500000|  0%| F|  |TAMS 0x0000000088400000, 0x0000000088400000| Untracked 
| 133|0x0000000088500000, 0x0000000088500000, 0x0000000088600000|  0%| F|  |TAMS 0x0000000088500000, 0x0000000088500000| Untracked 
| 134|0x0000000088600000, 0x0000000088600000, 0x0000000088700000|  0%| F|  |TAMS 0x0000000088600000, 0x0000000088600000| Untracked 
| 135|0x0000000088700000, 0x0000000088700000, 0x0000000088800000|  0%| F|  |TAMS 0x0000000088700000, 0x0000000088700000| Untracked 
| 136|0x0000000088800000, 0x0000000088800000, 0x0000000088900000|  0%| F|  |TAMS 0x0000000088800000, 0x0000000088800000| Untracked 
| 137|0x0000000088900000, 0x0000000088900000, 0x0000000088a00000|  0%| F|  |TAMS 0x0000000088900000, 0x0000000088900000| Untracked 
| 138|0x0000000088a00000, 0x0000000088a00000, 0x0000000088b00000|  0%| F|  |TAMS 0x0000000088a00000, 0x0000000088a00000| Untracked 
| 139|0x0000000088b00000, 0x0000000088b00000, 0x0000000088c00000|  0%| F|  |TAMS 0x0000000088b00000, 0x0000000088b00000| Untracked 
| 140|0x0000000088c00000, 0x0000000088c00000, 0x0000000088d00000|  0%| F|  |TAMS 0x0000000088c00000, 0x0000000088c00000| Untracked 
| 141|0x0000000088d00000, 0x0000000088d00000, 0x0000000088e00000|  0%| F|  |TAMS 0x0000000088d00000, 0x0000000088d00000| Untracked 
| 142|0x0000000088e00000, 0x0000000088e00000, 0x0000000088f00000|  0%| F|  |TAMS 0x0000000088e00000, 0x0000000088e00000| Untracked 
| 143|0x0000000088f00000, 0x0000000088f00000, 0x0000000089000000|  0%| F|  |TAMS 0x0000000088f00000, 0x0000000088f00000| Untracked 
| 144|0x0000000089000000, 0x0000000089000000, 0x0000000089100000|  0%| F|  |TAMS 0x0000000089000000, 0x0000000089000000| Untracked 
| 145|0x0000000089100000, 0x0000000089100000, 0x0000000089200000|  0%| F|  |TAMS 0x0000000089100000, 0x0000000089100000| Untracked 
| 146|0x0000000089200000, 0x0000000089200000, 0x0000000089300000|  0%| F|  |TAMS 0x0000000089200000, 0x0000000089200000| Untracked 
| 147|0x0000000089300000, 0x0000000089300000, 0x0000000089400000|  0%| F|  |TAMS 0x0000000089300000, 0x0000000089300000| Untracked 
| 148|0x0000000089400000, 0x0000000089400000, 0x0000000089500000|  0%| F|  |TAMS 0x0000000089400000, 0x0000000089400000| Untracked 
| 149|0x0000000089500000, 0x0000000089500000, 0x0000000089600000|  0%| F|  |TAMS 0x0000000089500000, 0x0000000089500000| Untracked 
| 150|0x0000000089600000, 0x0000000089600000, 0x0000000089700000|  0%| F|  |TAMS 0x0000000089600000, 0x0000000089600000| Untracked 
| 151|0x0000000089700000, 0x0000000089700000, 0x0000000089800000|  0%| F|  |TAMS 0x0000000089700000, 0x0000000089700000| Untracked 
| 152|0x0000000089800000, 0x0000000089800000, 0x0000000089900000|  0%| F|  |TAMS 0x0000000089800000, 0x0000000089800000| Untracked 
| 153|0x0000000089900000, 0x0000000089900000, 0x0000000089a00000|  0%| F|  |TAMS 0x0000000089900000, 0x0000000089900000| Untracked 
| 154|0x0000000089a00000, 0x0000000089a00000, 0x0000000089b00000|  0%| F|  |TAMS 0x0000000089a00000, 0x0000000089a00000| Untracked 
| 155|0x0000000089b00000, 0x0000000089b00000, 0x0000000089c00000|  0%| F|  |TAMS 0x0000000089b00000, 0x0000000089b00000| Untracked 
| 156|0x0000000089c00000, 0x0000000089c00000, 0x0000000089d00000|  0%| F|  |TAMS 0x0000000089c00000, 0x0000000089c00000| Untracked 
| 157|0x0000000089d00000, 0x0000000089d00000, 0x0000000089e00000|  0%| F|  |TAMS 0x0000000089d00000, 0x0000000089d00000| Untracked 
| 158|0x0000000089e00000, 0x0000000089e00000, 0x0000000089f00000|  0%| F|  |TAMS 0x0000000089e00000, 0x0000000089e00000| Untracked 
| 159|0x0000000089f00000, 0x0000000089f00000, 0x000000008a000000|  0%| F|  |TAMS 0x0000000089f00000, 0x0000000089f00000| Untracked 
| 160|0x000000008a000000, 0x000000008a000000, 0x000000008a100000|  0%| F|  |TAMS 0x000000008a000000, 0x000000008a000000| Untracked 
| 161|0x000000008a100000, 0x000000008a100000, 0x000000008a200000|  0%| F|  |TAMS 0x000000008a100000, 0x000000008a100000| Untracked 
| 162|0x000000008a200000, 0x000000008a200000, 0x000000008a300000|  0%| F|  |TAMS 0x000000008a200000, 0x000000008a200000| Untracked 
| 163|0x000000008a300000, 0x000000008a300000, 0x000000008a400000|  0%| F|  |TAMS 0x000000008a300000, 0x000000008a300000| Untracked 
| 164|0x000000008a400000, 0x000000008a400000, 0x000000008a500000|  0%| F|  |TAMS 0x000000008a400000, 0x000000008a400000| Untracked 
| 165|0x000000008a500000, 0x000000008a500000, 0x000000008a600000|  0%| F|  |TAMS 0x000000008a500000, 0x000000008a500000| Untracked 
| 166|0x000000008a600000, 0x000000008a600000, 0x000000008a700000|  0%| F|  |TAMS 0x000000008a600000, 0x000000008a600000| Untracked 
| 167|0x000000008a700000, 0x000000008a700000, 0x000000008a800000|  0%| F|  |TAMS 0x000000008a700000, 0x000000008a700000| Untracked 
| 168|0x000000008a800000, 0x000000008a800000, 0x000000008a900000|  0%| F|  |TAMS 0x000000008a800000, 0x000000008a800000| Untracked 
| 169|0x000000008a900000, 0x000000008a900000, 0x000000008aa00000|  0%| F|  |TAMS 0x000000008a900000, 0x000000008a900000| Untracked 
| 170|0x000000008aa00000, 0x000000008aa00000, 0x000000008ab00000|  0%| F|  |TAMS 0x000000008aa00000, 0x000000008aa00000| Untracked 
| 171|0x000000008ab00000, 0x000000008ab00000, 0x000000008ac00000|  0%| F|  |TAMS 0x000000008ab00000, 0x000000008ab00000| Untracked 
| 172|0x000000008ac00000, 0x000000008ac00000, 0x000000008ad00000|  0%| F|  |TAMS 0x000000008ac00000, 0x000000008ac00000| Untracked 
| 173|0x000000008ad00000, 0x000000008ad00000, 0x000000008ae00000|  0%| F|  |TAMS 0x000000008ad00000, 0x000000008ad00000| Untracked 
| 174|0x000000008ae00000, 0x000000008ae00000, 0x000000008af00000|  0%| F|  |TAMS 0x000000008ae00000, 0x000000008ae00000| Untracked 
| 175|0x000000008af00000, 0x000000008af00000, 0x000000008b000000|  0%| F|  |TAMS 0x000000008af00000, 0x000000008af00000| Untracked 
| 176|0x000000008b000000, 0x000000008b000000, 0x000000008b100000|  0%| F|  |TAMS 0x000000008b000000, 0x000000008b000000| Untracked 
| 177|0x000000008b100000, 0x000000008b100000, 0x000000008b200000|  0%| F|  |TAMS 0x000000008b100000, 0x000000008b100000| Untracked 
| 178|0x000000008b200000, 0x000000008b200000, 0x000000008b300000|  0%| F|  |TAMS 0x000000008b200000, 0x000000008b200000| Untracked 
| 179|0x000000008b300000, 0x000000008b300000, 0x000000008b400000|  0%| F|  |TAMS 0x000000008b300000, 0x000000008b300000| Untracked 
| 180|0x000000008b400000, 0x000000008b400000, 0x000000008b500000|  0%| F|  |TAMS 0x000000008b400000, 0x000000008b400000| Untracked 
| 181|0x000000008b500000, 0x000000008b500000, 0x000000008b600000|  0%| F|  |TAMS 0x000000008b500000, 0x000000008b500000| Untracked 
| 182|0x000000008b600000, 0x000000008b600000, 0x000000008b700000|  0%| F|  |TAMS 0x000000008b600000, 0x000000008b600000| Untracked 
| 183|0x000000008b700000, 0x000000008b700000, 0x000000008b800000|  0%| F|  |TAMS 0x000000008b700000, 0x000000008b700000| Untracked 
| 184|0x000000008b800000, 0x000000008b800000, 0x000000008b900000|  0%| F|  |TAMS 0x000000008b800000, 0x000000008b800000| Untracked 

Card table byte_map: [0x000001ce656e0000,0x000001ce65ae0000] _byte_map_base: 0x000001ce652e0000

Marking Bits (Prev, Next): (CMBitMap*) 0x000001ce521ef410, (CMBitMap*) 0x000001ce521ef3d8
 Prev Bits: [0x000001ce67ee0000, 0x000001ce69ee0000)
 Next Bits: [0x000001ce65ee0000, 0x000001ce67ee0000)

Polling page: 0x000001ce50800000

Metaspace:

Usage:
  Non-class:     77.45 MB capacity,    75.97 MB ( 98%) used,     1.23 MB (  2%) free+waste,   249.31 KB ( <1%) overhead. 
      Class:     12.03 MB capacity,    11.18 MB ( 93%) used,   750.62 KB (  6%) free+waste,   114.31 KB ( <1%) overhead. 
       Both:     89.47 MB capacity,    87.15 MB ( 97%) used,     1.96 MB (  2%) free+waste,   363.63 KB ( <1%) overhead. 

Virtual space:
  Non-class space:       78.00 MB reserved,      77.45 MB (>99%) committed 
      Class space:        1.00 GB reserved,      12.07 MB (  1%) committed 
             Both:        1.08 GB reserved,      89.52 MB (  8%) committed 

Chunk freelists:
   Non-Class:  4.00 KB
       Class:  4.00 KB
        Both:  8.00 KB

MaxMetaspaceSize: 17179869184.00 GB
CompressedClassSpaceSize: 1.00 GB

CodeHeap 'non-profiled nmethods': size=120064Kb used=5420Kb max_used=5420Kb free=114643Kb
 bounds [0x000001ce5d760000, 0x000001ce5dcb0000, 0x000001ce64ca0000]
CodeHeap 'profiled nmethods': size=120000Kb used=21803Kb max_used=21803Kb free=98196Kb
 bounds [0x000001ce56230000, 0x000001ce57780000, 0x000001ce5d760000]
CodeHeap 'non-nmethods': size=5696Kb used=2289Kb max_used=2329Kb free=3407Kb
 bounds [0x000001ce55ca0000, 0x000001ce55f10000, 0x000001ce56230000]
 total_blobs=10817 nmethods=9924 adapters=804
 compilation: enabled
              stopped_count=0, restarted_count=0
 full_count=0

Compilation events (20 events):
Event: 20.762 Thread 0x000001ce6c547800 10005       1       com.android.ide.common.caching.CreatingCache$ValueState::getValue (5 bytes)
Event: 20.762 Thread 0x000001ce6c547800 nmethod 10005 0x000001ce5dca8d10 code [0x000001ce5dca8ec0, 0x000001ce5dca8f78]
Event: 20.762 Thread 0x000001ce6c547800 10001       1       com.android.build.gradle.internal.ide.dependencies.ResolvedArtifact::getDependencyType (5 bytes)
Event: 20.762 Thread 0x000001ce6c543000 nmethod 9952 0x000001ce5dca9010 code [0x000001ce5dca91c0, 0x000001ce5dca9638]
Event: 20.762 Thread 0x000001ce6c547800 nmethod 10001 0x000001ce5dca9890 code [0x000001ce5dca9a40, 0x000001ce5dca9af8]
Event: 20.762 Thread 0x000001ce6c543000 9927       4       org.gradle.api.internal.collections.AbstractIterationOrderRetainingElementSource$RealizedElementCollectionIterator::updateNext (157 bytes)
Event: 20.762 Thread 0x000001ce6c547800 10002       1       com.android.build.gradle.internal.ide.dependencies.ResolvedArtifact::getArtifactFile (5 bytes)
Event: 20.762 Thread 0x000001ce6c547800 nmethod 10002 0x000001ce5dca9b90 code [0x000001ce5dca9d40, 0x000001ce5dca9df8]
Event: 20.762 Thread 0x000001ce6c547800 10003       1       com.android.build.gradle.internal.ide.dependencies.ArtifactHandler::access$getMavenCoordinatesCache$p (5 bytes)
Event: 20.763 Thread 0x000001ce6c547800 nmethod 10003 0x000001ce5dca9e90 code [0x000001ce5dcaa040, 0x000001ce5dcaa0d8]
Event: 20.763 Thread 0x000001ce6c547800 10004       1       com.android.builder.dependency.MavenCoordinatesImpl::toString (5 bytes)
Event: 20.763 Thread 0x000001ce6c547800 nmethod 10004 0x000001ce5dcaa190 code [0x000001ce5dcaa340, 0x000001ce5dcaa3f8]
Event: 20.763 Thread 0x000001ce6c547800 9997       1       org.gradle.api.internal.artifacts.transform.DefaultVariantTransformRegistry::getTransforms (5 bytes)
Event: 20.763 Thread 0x000001ce6c547800 nmethod 9997 0x000001ce5dcaa490 code [0x000001ce5dcaa640, 0x000001ce5dcaa6f8]
Event: 20.763 Thread 0x000001ce6c547800 10006       1       com.android.build.gradle.internal.ide.dependencies.ResolvedArtifact::getVariantName (5 bytes)
Event: 20.763 Thread 0x000001ce6c547800 nmethod 10006 0x000001ce5dcaa790 code [0x000001ce5dcaa940, 0x000001ce5dcaa9f8]
Event: 20.763 Thread 0x000001ce6c547800 10007       1       com.android.build.gradle.internal.ide.dependencies.ResolvedArtifact::getExtractedFolder (5 bytes)
Event: 20.763 Thread 0x000001ce6c547800 nmethod 10007 0x000001ce5dcaaa90 code [0x000001ce5dcaac40, 0x000001ce5dcaacf8]
Event: 20.763 Thread 0x000001ce6c547800 10008       1       com.android.builder.dependency.MavenCoordinatesImpl::hashCode (5 bytes)
Event: 20.763 Thread 0x000001ce6c547800 nmethod 10008 0x000001ce5dcaad90 code [0x000001ce5dcaaf40, 0x000001ce5dcaaff8]

GC Heap History (20 events):
Event: 11.908 GC heap after
{Heap after GC invocations=15 (full 0):
 garbage-first heap   total 157696K, used 65986K [0x0000000080000000, 0x0000000100000000)
  region size 1024K, 6 young (6144K), 6 survivors (6144K)
 Metaspace       used 49973K, capacity 51561K, committed 51660K, reserved 1093632K
  class space    used 6384K, capacity 6896K, committed 6912K, reserved 1048576K
}
Event: 12.598 GC heap before
{Heap before GC invocations=15 (full 0):
 garbage-first heap   total 157696K, used 115138K [0x0000000080000000, 0x0000000100000000)
  region size 1024K, 54 young (55296K), 6 survivors (6144K)
 Metaspace       used 57263K, capacity 58904K, committed 58956K, reserved 1099776K
  class space    used 7259K, capacity 7808K, committed 7808K, reserved 1048576K
}
Event: 12.605 GC heap after
{Heap after GC invocations=16 (full 0):
 garbage-first heap   total 157696K, used 68319K [0x0000000080000000, 0x0000000100000000)
  region size 1024K, 2 young (2048K), 2 survivors (2048K)
 Metaspace       used 57263K, capacity 58904K, committed 58956K, reserved 1099776K
  class space    used 7259K, capacity 7808K, committed 7808K, reserved 1048576K
}
Event: 12.795 GC heap before
{Heap before GC invocations=16 (full 0):
 garbage-first heap   total 157696K, used 78559K [0x0000000080000000, 0x0000000100000000)
  region size 1024K, 13 young (13312K), 2 survivors (2048K)
 Metaspace       used 58520K, capacity 60132K, committed 60236K, reserved 1101824K
  class space    used 7446K, capacity 8001K, committed 8064K, reserved 1048576K
}
Event: 12.800 GC heap after
{Heap after GC invocations=17 (full 0):
 garbage-first heap   total 157696K, used 68412K [0x0000000080000000, 0x0000000100000000)
  region size 1024K, 2 young (2048K), 2 survivors (2048K)
 Metaspace       used 58520K, capacity 60132K, committed 60236K, reserved 1101824K
  class space    used 7446K, capacity 8001K, committed 8064K, reserved 1048576K
}
Event: 13.773 GC heap before
{Heap before GC invocations=18 (full 0):
 garbage-first heap   total 157696K, used 112444K [0x0000000080000000, 0x0000000100000000)
  region size 1024K, 46 young (47104K), 2 survivors (2048K)
 Metaspace       used 63448K, capacity 65192K, committed 65432K, reserved 1105920K
  class space    used 8047K, capacity 8636K, committed 8652K, reserved 1048576K
}
Event: 13.790 GC heap after
{Heap after GC invocations=19 (full 0):
 garbage-first heap   total 157696K, used 72518K [0x0000000080000000, 0x0000000100000000)
  region size 1024K, 6 young (6144K), 6 survivors (6144K)
 Metaspace       used 63448K, capacity 65192K, committed 65432K, reserved 1105920K
  class space    used 8047K, capacity 8636K, committed 8652K, reserved 1048576K
}
Event: 14.701 GC heap before
{Heap before GC invocations=20 (full 0):
 garbage-first heap   total 157696K, used 116550K [0x0000000080000000, 0x0000000100000000)
  region size 1024K, 49 young (50176K), 6 survivors (6144K)
 Metaspace       used 65794K, capacity 67633K, committed 67864K, reserved 1107968K
  class space    used 8371K, capacity 8974K, committed 9036K, reserved 1048576K
}
Event: 14.713 GC heap after
{Heap after GC invocations=21 (full 0):
 garbage-first heap   total 157696K, used 76378K [0x0000000080000000, 0x0000000100000000)
  region size 1024K, 4 young (4096K), 4 survivors (4096K)
 Metaspace       used 65794K, capacity 67633K, committed 67864K, reserved 1107968K
  class space    used 8371K, capacity 8974K, committed 9036K, reserved 1048576K
}
Event: 15.392 GC heap before
{Heap before GC invocations=21 (full 0):
 garbage-first heap   total 157696K, used 120410K [0x0000000080000000, 0x0000000100000000)
  region size 1024K, 47 young (48128K), 4 survivors (4096K)
 Metaspace       used 70616K, capacity 72471K, committed 72728K, reserved 1112064K
  class space    used 9160K, capacity 9773K, committed 9804K, reserved 1048576K
}
Event: 15.401 GC heap after
{Heap after GC invocations=22 (full 0):
 garbage-first heap   total 157696K, used 78615K [0x0000000080000000, 0x0000000100000000)
  region size 1024K, 3 young (3072K), 3 survivors (3072K)
 Metaspace       used 70616K, capacity 72471K, committed 72728K, reserved 1112064K
  class space    used 9160K, capacity 9773K, committed 9804K, reserved 1048576K
}
Event: 16.487 GC heap before
{Heap before GC invocations=23 (full 0):
 garbage-first heap   total 157696K, used 122647K [0x0000000080000000, 0x0000000100000000)
  region size 1024K, 46 young (47104K), 3 survivors (3072K)
 Metaspace       used 74090K, capacity 75936K, committed 76056K, reserved 1116160K
  class space    used 9622K, capacity 10240K, committed 10316K, reserved 1048576K
}
Event: 16.502 GC heap after
{Heap after GC invocations=24 (full 0):
 garbage-first heap   total 189440K, used 80761K [0x0000000080000000, 0x0000000100000000)
  region size 1024K, 5 young (5120K), 5 survivors (5120K)
 Metaspace       used 74090K, capacity 75936K, committed 76056K, reserved 1116160K
  class space    used 9622K, capacity 10240K, committed 10316K, reserved 1048576K
}
Event: 17.316 GC heap before
{Heap before GC invocations=24 (full 0):
 garbage-first heap   total 189440K, used 137081K [0x0000000080000000, 0x0000000100000000)
  region size 1024K, 60 young (61440K), 5 survivors (5120K)
 Metaspace       used 76617K, capacity 78711K, committed 79000K, reserved 1118208K
  class space    used 9975K, capacity 10646K, committed 10700K, reserved 1048576K
}
Event: 17.334 GC heap after
{Heap after GC invocations=25 (full 0):
 garbage-first heap   total 189440K, used 84905K [0x0000000080000000, 0x0000000100000000)
  region size 1024K, 7 young (7168K), 7 survivors (7168K)
 Metaspace       used 76617K, capacity 78711K, committed 79000K, reserved 1118208K
  class space    used 9975K, capacity 10646K, committed 10700K, reserved 1048576K
}
Event: 18.276 GC heap before
{Heap before GC invocations=25 (full 0):
 garbage-first heap   total 189440K, used 142249K [0x0000000080000000, 0x0000000100000000)
  region size 1024K, 62 young (63488K), 7 survivors (7168K)
 Metaspace       used 85043K, capacity 87182K, committed 87448K, reserved 1124352K
  class space    used 10966K, capacity 11686K, committed 11724K, reserved 1048576K
}
Event: 18.288 GC heap after
{Heap after GC invocations=26 (full 0):
 garbage-first heap   total 189440K, used 87884K [0x0000000080000000, 0x0000000100000000)
  region size 1024K, 7 young (7168K), 7 survivors (7168K)
 Metaspace       used 85043K, capacity 87182K, committed 87448K, reserved 1124352K
  class space    used 10966K, capacity 11686K, committed 11724K, reserved 1048576K
}
Event: 19.362 GC heap before
{Heap before GC invocations=26 (full 0):
 garbage-first heap   total 189440K, used 144204K [0x0000000080000000, 0x0000000100000000)
  region size 1024K, 63 young (64512K), 7 survivors (7168K)
 Metaspace       used 87978K, capacity 90419K, committed 90520K, reserved 1128448K
  class space    used 11361K, capacity 12214K, committed 12236K, reserved 1048576K
}
Event: 19.383 GC heap after
{Heap after GC invocations=27 (full 0):
 garbage-first heap   total 189440K, used 92078K [0x0000000080000000, 0x0000000100000000)
  region size 1024K, 7 young (7168K), 7 survivors (7168K)
 Metaspace       used 87978K, capacity 90419K, committed 90520K, reserved 1128448K
  class space    used 11361K, capacity 12214K, committed 12236K, reserved 1048576K
}
Event: 20.764 GC heap before
{Heap before GC invocations=27 (full 0):
 garbage-first heap   total 189440K, used 147374K [0x0000000080000000, 0x0000000100000000)
  region size 1024K, 62 young (63488K), 7 survivors (7168K)
 Metaspace       used 89244K, capacity 91620K, committed 91672K, reserved 1128448K
  class space    used 11451K, capacity 12316K, committed 12364K, reserved 1048576K
}

Deoptimization events (20 events):
Event: 20.528 Thread 0x000001ce6f243000 Uncommon trap: trap_request=0xffffffc6 fr.pc=0x000001ce5db689e0 relative=0x0000000000000300
Event: 20.528 Thread 0x000001ce6f243000 Uncommon trap: reason=bimorphic_or_optimized_type_check action=maybe_recompile pc=0x000001ce5db689e0 method=com.google.common.collect.ImmutableList.copyOf(Ljava/util/Collection;)Lcom/google/common/collect/ImmutableList; @ 11 c2
Event: 20.528 Thread 0x000001ce6f243000 DEOPT PACKING pc=0x000001ce5db689e0 sp=0x00000055bdcf8c10
Event: 20.528 Thread 0x000001ce6f243000 DEOPT UNPACKING pc=0x000001ce55cc78af sp=0x00000055bdcf8bd8 mode 2
Event: 20.531 Thread 0x000001ce6f243000 Uncommon trap: trap_request=0xffffffc6 fr.pc=0x000001ce5db689e0 relative=0x0000000000000300
Event: 20.531 Thread 0x000001ce6f243000 Uncommon trap: reason=bimorphic_or_optimized_type_check action=maybe_recompile pc=0x000001ce5db689e0 method=com.google.common.collect.ImmutableList.copyOf(Ljava/util/Collection;)Lcom/google/common/collect/ImmutableList; @ 11 c2
Event: 20.531 Thread 0x000001ce6f243000 DEOPT PACKING pc=0x000001ce5db689e0 sp=0x00000055bdcf8c10
Event: 20.531 Thread 0x000001ce6f243000 DEOPT UNPACKING pc=0x000001ce55cc78af sp=0x00000055bdcf8bd8 mode 2
Event: 20.532 Thread 0x000001ce6f243000 Uncommon trap: trap_request=0xffffffc6 fr.pc=0x000001ce5db689e0 relative=0x0000000000000300
Event: 20.532 Thread 0x000001ce6f243000 Uncommon trap: reason=bimorphic_or_optimized_type_check action=maybe_recompile pc=0x000001ce5db689e0 method=com.google.common.collect.ImmutableList.copyOf(Ljava/util/Collection;)Lcom/google/common/collect/ImmutableList; @ 11 c2
Event: 20.532 Thread 0x000001ce6f243000 DEOPT PACKING pc=0x000001ce5db689e0 sp=0x00000055bdcf8cb0
Event: 20.533 Thread 0x000001ce6f243000 DEOPT UNPACKING pc=0x000001ce55cc78af sp=0x00000055bdcf8c78 mode 2
Event: 20.648 Thread 0x000001ce6f243000 DEOPT PACKING pc=0x000001ce56d073f1 sp=0x00000055bdcf6a00
Event: 20.648 Thread 0x000001ce6f243000 DEOPT UNPACKING pc=0x000001ce55cc76ce sp=0x00000055bdcf5ef8 mode 0
Event: 20.662 Thread 0x000001ce6f243000 DEOPT PACKING pc=0x000001ce576077d5 sp=0x00000055bdcf5bf0
Event: 20.662 Thread 0x000001ce6f243000 DEOPT UNPACKING pc=0x000001ce55cc76ce sp=0x00000055bdcf5110 mode 0
Event: 20.702 Thread 0x000001ce6f243000 Uncommon trap: trap_request=0xffffff4d fr.pc=0x000001ce5dc6b468 relative=0x0000000000001488
Event: 20.702 Thread 0x000001ce6f243000 Uncommon trap: reason=unstable_if action=reinterpret pc=0x000001ce5dc6b468 method=com.esotericsoftware.kryo.io.Input.readAscii()Ljava/lang/String; @ 23 c2
Event: 20.702 Thread 0x000001ce6f243000 DEOPT PACKING pc=0x000001ce5dc6b468 sp=0x00000055bdcf79f0
Event: 20.702 Thread 0x000001ce6f243000 DEOPT UNPACKING pc=0x000001ce55cc78af sp=0x00000055bdcf7948 mode 2

Classes redefined (0 events):
No events

Internal exceptions (20 events):
Event: 17.220 Thread 0x000001ce6f243000 Exception <a 'java/lang/ClassNotFoundException'{0x00000000885bcae0}: org/gradle/api/plugins/internal/DefaultJavaPluginConventionCustomizer> (0x00000000885bcae0) thrown at [./src/hotspot/share/classfile/systemDictionary.cpp, line 231]
Event: 17.226 Thread 0x000001ce6f243000 Exception <a 'java/lang/ClassNotFoundException'{0x000000008842fef0}: org/gradle/api/plugins/internal/DefaultBasePluginConventionBeanInfo> (0x000000008842fef0) thrown at [./src/hotspot/share/classfile/systemDictionary.cpp, line 231]
Event: 17.227 Thread 0x000001ce6f243000 Exception <a 'java/lang/ClassNotFoundException'{0x0000000088450878}: org/gradle/api/plugins/BasePluginConventionBeanInfo> (0x0000000088450878) thrown at [./src/hotspot/share/classfile/systemDictionary.cpp, line 231]
Event: 17.228 Thread 0x000001ce6f243000 Exception <a 'java/lang/ClassNotFoundException'{0x00000000884712f8}: org/gradle/api/plugins/BasePluginConventionCustomizer> (0x00000000884712f8) thrown at [./src/hotspot/share/classfile/systemDictionary.cpp, line 231]
Event: 17.229 Thread 0x000001ce6f243000 Exception <a 'java/lang/ClassNotFoundException'{0x00000000884a00d0}: org/gradle/api/plugins/internal/DefaultBasePluginConventionCustomizer> (0x00000000884a00d0) thrown at [./src/hotspot/share/classfile/systemDictionary.cpp, line 231]
Event: 17.620 Thread 0x000001ce6f243000 Exception <a 'sun/nio/fs/WindowsException'{0x000000008aa4aca0}> (0x000000008aa4aca0) thrown at [./src/hotspot/share/prims/jni.cpp, line 615]
Event: 17.620 Thread 0x000001ce6f243000 Exception <a 'sun/nio/fs/WindowsException'{0x000000008aa4b270}> (0x000000008aa4b270) thrown at [./src/hotspot/share/prims/jni.cpp, line 615]
Event: 17.731 Thread 0x000001ce6f243000 Exception <a 'java/lang/NullPointerException'{0x000000008a119b88}> (0x000000008a119b88) thrown at [./src/hotspot/share/interpreter/linkResolver.cpp, line 1440]
Event: 17.947 Thread 0x000001ce6f243000 Exception <a 'java/lang/NoSuchMethodError'{0x0000000089229448}: 'int java.lang.invoke.DirectMethodHandle$Holder.invokeStatic(java.lang.Object, java.lang.Object, int, java.lang.Object)'> (0x0000000089229448) thrown at [./src/hotspot/share/interpreter/linkResolver.cpp, line 773]
Event: 18.000 Thread 0x000001ce6f243000 Exception <a 'sun/nio/fs/WindowsException'{0x000000008915cd30}> (0x000000008915cd30) thrown at [./src/hotspot/share/prims/jni.cpp, line 615]
Event: 18.000 Thread 0x000001ce6f243000 Exception <a 'sun/nio/fs/WindowsException'{0x000000008915e0b8}> (0x000000008915e0b8) thrown at [./src/hotspot/share/prims/jni.cpp, line 615]
Event: 18.001 Thread 0x000001ce6f243000 Exception <a 'sun/nio/fs/WindowsException'{0x000000008915f490}> (0x000000008915f490) thrown at [./src/hotspot/share/prims/jni.cpp, line 615]
Event: 18.001 Thread 0x000001ce6f243000 Exception <a 'sun/nio/fs/WindowsException'{0x0000000089160868}> (0x0000000089160868) thrown at [./src/hotspot/share/prims/jni.cpp, line 615]
Event: 18.275 Thread 0x000001ce6f243000 Exception <a 'java/lang/reflect/InvocationTargetException'{0x00000000882ece50}> (0x00000000882ece50) thrown at [./src/hotspot/share/runtime/reflection.cpp, line 1247]
Event: 18.371 Thread 0x000001ce6f243000 Implicit null exception at 0x000001ce5dbcf175 to 0x000001ce5dbd1b58
Event: 18.891 Thread 0x000001ce6f243000 Exception <a 'java/lang/NoSuchMethodError'{0x0000000089b40c30}: 'java.lang.Object java.lang.invoke.DirectMethodHandle$Holder.invokeSpecialIFC(java.lang.Object, java.lang.Object, java.lang.Object)'> (0x0000000089b40c30) thrown at [./src/hotspot/share/interpreter/linkResolver.cpp, line 773]
Event: 18.945 Thread 0x000001ce70e83800 Exception <a 'java/lang/NoSuchMethodError'{0x0000000089551608}: 'int java.lang.invoke.DirectMethodHandle$Holder.invokeStaticInit(java.lang.Object, java.lang.Object, java.lang.Object, java.lang.Object, java.lang.Object)'> (0x0000000089551608) thrown at [./src/hotspot/share/interpreter/linkResolver.cpp, line 773]
Event: 19.462 Thread 0x000001ce70e85000 Exception <a 'java/lang/NoSuchMethodError'{0x000000008b69a2a0}: 'void java.lang.invoke.DirectMethodHandle$Holder.invokeVirtual(java.lang.Object, java.lang.Object)'> (0x000000008b69a2a0) thrown at [./src/hotspot/share/interpreter/linkResolver.cpp, line 773]
Event: 19.462 Thread 0x000001ce6f243000 Exception <a 'java/lang/NoSuchMethodError'{0x000000008b891b00}: 'void java.lang.invoke.DirectMethodHandle$Holder.invokeVirtual(java.lang.Object, java.lang.Object)'> (0x000000008b891b00) thrown at [./src/hotspot/share/interpreter/linkResolver.cpp, line 773]
Event: 20.635 Thread 0x000001ce6f243000 Exception <a 'java/lang/NoSuchMethodError'{0x0000000088983a08}: 'int java.lang.invoke.DirectMethodHandle$Holder.invokeSpecialIFC(java.lang.Object, java.lang.Object, java.lang.Object)'> (0x0000000088983a08) thrown at [./src/hotspot/share/interpreter/linkResolver.cpp, line 773]

Events (20 events):
Event: 20.664 loading class org/gradle/api/internal/artifacts/ivyservice/ivyresolve/DefaultMetadataProvider done
Event: 20.665 loading class org/gradle/api/internal/artifacts/ivyservice/ivyresolve/DefaultMetadataProvider$BuildableComponentMetadataSupplierDetails
Event: 20.665 loading class org/gradle/api/internal/artifacts/ivyservice/ivyresolve/DefaultMetadataProvider$BuildableComponentMetadataSupplierDetails done
Event: 20.666 loading class org/gradle/api/artifacts/ComponentMetadataSupplierDetails
Event: 20.666 loading class org/gradle/api/artifacts/ComponentMetadataSupplierDetails done
Event: 20.666 loading class org/gradle/api/artifacts/ComponentMetadataBuilder
Event: 20.666 loading class org/gradle/api/artifacts/ComponentMetadataBuilder done
Event: 20.666 loading class org/gradle/api/artifacts/ComponentMetadata
Event: 20.666 loading class org/gradle/api/artifacts/ComponentMetadata done
Event: 20.666 loading class org/gradle/api/internal/artifacts/ivyservice/ivyresolve/DefaultMetadataProvider$BuildableComponentMetadataSupplierDetails
Event: 20.666 loading class org/gradle/api/internal/artifacts/ivyservice/ivyresolve/DefaultMetadataProvider$BuildableComponentMetadataSupplierDetails done
Event: 20.666 loading class org/gradle/api/Transformer
Event: 20.666 loading class org/gradle/api/Transformer done
Event: 20.669 loading class org/gradle/api/internal/artifacts/ivyservice/ivyresolve/VersionInfo
Event: 20.669 loading class org/gradle/api/internal/artifacts/ivyservice/ivyresolve/VersionInfo done
Event: 20.696 Executing VM operation: ICBufferFull
Event: 20.697 Executing VM operation: ICBufferFull done
Event: 20.709 loading class org/gradle/api/artifacts/component/ModuleComponentSelector
Event: 20.709 loading class org/gradle/api/artifacts/component/ModuleComponentSelector done
Event: 20.764 Executing VM operation: G1CollectForAllocation


Dynamic libraries:
0x00007ff686840000 - 0x00007ff68684a000 	C:\Program Files\Android\Android Studio\jre\bin\java.exe
0x00007ff8428b0000 - 0x00007ff842aa5000 	C:\Windows\SYSTEM32\ntdll.dll
0x00007ff841e00000 - 0x00007ff841ebe000 	C:\Windows\System32\KERNEL32.DLL
0x00007ff8401b0000 - 0x00007ff840478000 	C:\Windows\System32\KERNELBASE.dll
0x00007ff8407a0000 - 0x00007ff8408a0000 	C:\Windows\System32\ucrtbase.dll
0x00007ff83d4d0000 - 0x00007ff83d4e7000 	C:\Program Files\Android\Android Studio\jre\bin\VCRUNTIME140.dll
0x00007ff839930000 - 0x00007ff839949000 	C:\Program Files\Android\Android Studio\jre\bin\jli.dll
0x00007ff8417f0000 - 0x00007ff841990000 	C:\Windows\System32\USER32.dll
0x00007ff840720000 - 0x00007ff840742000 	C:\Windows\System32\win32u.dll
0x00007ff8283e0000 - 0x00007ff82867a000 	C:\Windows\WinSxS\amd64_microsoft.windows.common-controls_6595b64144ccf1df_6.0.19041.1110_none_60b5254171f9507e\COMCTL32.dll
0x00007ff8424e0000 - 0x00007ff84250a000 	C:\Windows\System32\GDI32.dll
0x00007ff842440000 - 0x00007ff8424de000 	C:\Windows\System32\msvcrt.dll
0x00007ff8400a0000 - 0x00007ff8401ab000 	C:\Windows\System32\gdi32full.dll
0x00007ff83ffd0000 - 0x00007ff84006d000 	C:\Windows\System32\msvcp_win.dll
0x00007ff840dc0000 - 0x00007ff840df0000 	C:\Windows\System32\IMM32.DLL
0x00007ff82b070000 - 0x00007ff82b10d000 	C:\Program Files\Android\Android Studio\jre\bin\msvcp140.dll
0x00007ff803ae0000 - 0x00007ff8045af000 	C:\Program Files\Android\Android Studio\jre\bin\server\jvm.dll
0x00007ff840d00000 - 0x00007ff840dae000 	C:\Windows\System32\ADVAPI32.dll
0x00007ff840ab0000 - 0x00007ff840b4c000 	C:\Windows\System32\sechost.dll
0x00007ff841ff0000 - 0x00007ff842115000 	C:\Windows\System32\RPCRT4.dll
0x00007ff840aa0000 - 0x00007ff840aa8000 	C:\Windows\System32\PSAPI.DLL
0x00007ff824090000 - 0x00007ff8240b7000 	C:\Windows\SYSTEM32\WINMM.dll
0x00007ff83d450000 - 0x00007ff83d459000 	C:\Windows\SYSTEM32\WSOCK32.dll
0x00007ff8372e0000 - 0x00007ff8372ea000 	C:\Windows\SYSTEM32\VERSION.dll
0x00007ff842250000 - 0x00007ff8422bb000 	C:\Windows\System32\WS2_32.dll
0x00007ff83e880000 - 0x00007ff83e892000 	C:\Windows\SYSTEM32\kernel.appcore.dll
0x00007ff83b550000 - 0x00007ff83b561000 	C:\Program Files\Android\Android Studio\jre\bin\verify.dll
0x00007ff83dca0000 - 0x00007ff83de84000 	C:\Windows\SYSTEM32\DBGHELP.DLL
0x00007ff8256f0000 - 0x00007ff82571c000 	C:\Windows\SYSTEM32\dbgcore.DLL
0x00007ff840530000 - 0x00007ff8405b2000 	C:\Windows\System32\bcryptPrimitives.dll
0x00007ff8391d0000 - 0x00007ff8391f9000 	C:\Program Files\Android\Android Studio\jre\bin\java.dll
0x00007ff83b540000 - 0x00007ff83b54b000 	C:\Program Files\Android\Android Studio\jre\bin\jimage.dll
0x00007ff837bf0000 - 0x00007ff837c08000 	C:\Program Files\Android\Android Studio\jre\bin\zip.dll
0x00007ff840df0000 - 0x00007ff841534000 	C:\Windows\System32\SHELL32.dll
0x00007ff83e0d0000 - 0x00007ff83e864000 	C:\Windows\SYSTEM32\windows.storage.dll
0x00007ff842510000 - 0x00007ff842864000 	C:\Windows\System32\combase.dll
0x00007ff83f970000 - 0x00007ff83f99c000 	C:\Windows\SYSTEM32\Wldp.dll
0x00007ff841650000 - 0x00007ff8416fd000 	C:\Windows\System32\SHCORE.dll
0x00007ff8421f0000 - 0x00007ff842245000 	C:\Windows\System32\shlwapi.dll
0x00007ff83ff10000 - 0x00007ff83ff2f000 	C:\Windows\SYSTEM32\profapi.dll
0x00007ff831d30000 - 0x00007ff831d4a000 	C:\Program Files\Android\Android Studio\jre\bin\net.dll
0x00007ff82c800000 - 0x00007ff82c90a000 	C:\Windows\SYSTEM32\WINHTTP.dll
0x00007ff83f6d0000 - 0x00007ff83f73a000 	C:\Windows\system32\mswsock.dll
0x00007ff82b790000 - 0x00007ff82b7a4000 	C:\Program Files\Android\Android Studio\jre\bin\nio.dll
0x00007ff82b5e0000 - 0x00007ff82b607000 	C:\Users\Vishwak\.gradle\native\8bec1ad78214c89d9ad589b4d07fe93259594b29d510b10fafb7a158f7737e5d\windows-amd64\native-platform.dll
0x00007ff82a750000 - 0x00007ff82a88d000 	C:\Users\Vishwak\.gradle\native\53dbd7edfb1c66fb8903c78663c9afc45aea4f116125fa6feffd364cf09443e8\windows-amd64\native-platform-file-events.dll
0x00007ff83ab80000 - 0x00007ff83ab8a000 	C:\Program Files\Android\Android Studio\jre\bin\management.dll
0x00007ff8391c0000 - 0x00007ff8391cc000 	C:\Program Files\Android\Android Studio\jre\bin\management_ext.dll
0x00007ff83f8c0000 - 0x00007ff83f8d8000 	C:\Windows\SYSTEM32\CRYPTSP.dll
0x00007ff83f050000 - 0x00007ff83f084000 	C:\Windows\system32\rsaenh.dll
0x00007ff840070000 - 0x00007ff840097000 	C:\Windows\System32\bcrypt.dll
0x00007ff83fed0000 - 0x00007ff83fefe000 	C:\Windows\SYSTEM32\USERENV.dll
0x00007ff83f8e0000 - 0x00007ff83f8ec000 	C:\Windows\SYSTEM32\CRYPTBASE.dll
0x00007ff83f3c0000 - 0x00007ff83f3fb000 	C:\Windows\SYSTEM32\IPHLPAPI.DLL
0x00007ff841540000 - 0x00007ff841548000 	C:\Windows\System32\NSI.dll
0x00007ff831c20000 - 0x00007ff831c37000 	C:\Windows\SYSTEM32\dhcpcsvc6.DLL
0x00007ff8369d0000 - 0x00007ff8369ed000 	C:\Windows\SYSTEM32\dhcpcsvc.DLL
0x00007ff83f400000 - 0x00007ff83f4cb000 	C:\Windows\SYSTEM32\DNSAPI.dll

dbghelp: loaded successfully - version: 4.0.5 - missing functions: none
symbol engine: initialized successfully - sym options: 0x614 - pdb path: .;C:\Program Files\Android\Android Studio\jre\bin;C:\Windows\SYSTEM32;C:\Windows\WinSxS\amd64_microsoft.windows.common-controls_6595b64144ccf1df_6.0.19041.1110_none_60b5254171f9507e;C:\Program Files\Android\Android Studio\jre\bin\server;C:\Users\Vishwak\.gradle\native\8bec1ad78214c89d9ad589b4d07fe93259594b29d510b10fafb7a158f7737e5d\windows-amd64;C:\Users\Vishwak\.gradle\native\53dbd7edfb1c66fb8903c78663c9afc45aea4f116125fa6feffd364cf09443e8\windows-amd64

VM Arguments:
jvm_args: --add-opens=java.base/java.util=ALL-UNNAMED --add-opens=java.base/java.lang=ALL-UNNAMED --add-opens=java.base/java.lang.invoke=ALL-UNNAMED --add-opens=java.base/java.util=ALL-UNNAMED --add-opens=java.prefs/java.util.prefs=ALL-UNNAMED --add-opens=java.prefs/java.util.prefs=ALL-UNNAMED --add-opens=java.base/java.nio.charset=ALL-UNNAMED --add-opens=java.base/java.net=ALL-UNNAMED --add-opens=java.base/java.util.concurrent.atomic=ALL-UNNAMED -Xmx2048m -Dfile.encoding=UTF-8 -Duser.country=IN -Duser.language=en -Duser.variant 
java_command: org.gradle.launcher.daemon.bootstrap.GradleDaemon 7.0.2
java_class_path (initial): C:\Users\Vishwak\.gradle\wrapper\dists\gradle-7.0.2-bin\857tjihv64xamwrf0h14cai3r\gradle-7.0.2\lib\gradle-launcher-7.0.2.jar
Launcher Type: SUN_STANDARD

[Global flags]
     intx CICompilerCount                          = 3                                         {product} {ergonomic}
     uint ConcGCThreads                            = 1                                         {product} {ergonomic}
     uint G1ConcRefinementThreads                  = 4                                         {product} {ergonomic}
   size_t G1HeapRegionSize                         = 1048576                                   {product} {ergonomic}
    uintx GCDrainStackTargetSize                   = 64                                        {product} {ergonomic}
   size_t InitialHeapSize                          = 134217728                                 {product} {ergonomic}
   size_t MarkStackSize                            = 4194304                                   {product} {ergonomic}
   size_t MaxHeapSize                              = 2147483648                                {product} {command line}
   size_t MaxNewSize                               = 1287651328                                {product} {ergonomic}
   size_t MinHeapDeltaBytes                        = 1048576                                   {product} {ergonomic}
    uintx NonNMethodCodeHeapSize                   = 5830732                                {pd product} {ergonomic}
    uintx NonProfiledCodeHeapSize                  = 122913754                              {pd product} {ergonomic}
    uintx ProfiledCodeHeapSize                     = 122913754                              {pd product} {ergonomic}
    uintx ReservedCodeCacheSize                    = 251658240                              {pd product} {ergonomic}
     bool SegmentedCodeCache                       = true                                      {product} {ergonomic}
     bool UseCompressedClassPointers               = true                                 {lp64_product} {ergonomic}
     bool UseCompressedOops                        = true                                 {lp64_product} {ergonomic}
     bool UseG1GC                                  = true                                      {product} {ergonomic}
     bool UseLargePagesIndividualAllocation        = false                                  {pd product} {ergonomic}

Logging:
Log output configuration:
 #0: stdout all=warning uptime,level,tags
 #1: stderr all=off uptime,level,tags

Environment Variables:
PATH=C:\Program Files\Common Files\Oracle\Java\javapath;C:\Windows\system32;C:\Windows;C:\Windows\System32\Wbem;C:\Windows\System32\WindowsPowerShell\v1.0\;C:\Windows\System32\OpenSSH\;C:\Users\Vishwak\AppData\Local\Programs\Python\Python310\Scripts\;C:\Users\Vishwak\AppData\Local\Programs\Python\Python310\;C:\Users\Vishwak\new python\Scripts\;C:\Users\Vishwak\new python\;C:\Users\Vishwak\AppData\Local\Microsoft\WindowsApps;;C:\Program Files\JetBrains\PyCharm Community Edition 2021.3\bin;;C:\Users\Vishwak\AppData\Local\Programs\Microsoft VS Code\bin
USERNAME=Vishwak
OS=Windows_NT
PROCESSOR_IDENTIFIER=Intel64 Family 6 Model 142 Stepping 10, GenuineIntel



---------------  S Y S T E M  ---------------

OS: Windows 10 , 64 bit Build 19041 (10.0.19041.1645)
OS uptime: 2 days 8:38 hours

CPU:total 4 (initial active 4) (2 cores per cpu, 2 threads per core) family 6 model 142 stepping 10 microcode 0xe0, cmov, cx8, fxsr, mmx, sse, sse2, sse3, ssse3, sse4.1, sse4.2, popcnt, avx, avx2, aes, clmul, erms, 3dnowpref, lzcnt, ht, tsc, tscinvbit, bmi1, bmi2, adx, fma

Memory: 4k page, system-wide physical 8103M (495M free)
TotalPageFile size 8103M (AvailPageFile size 20M)
current process WorkingSet (physical memory assigned to process): 418M, peak: 432M
current process commit charge ("private bytes"): 449M, peak: 486M

vm_info: OpenJDK 64-Bit Server VM (11.0.10+0-b96-7249189) for windows-amd64 JRE (11.0.10+0-b96-7249189), built on Mar 31 2021 21:44:00 by "builder" with MS VC++ 14.0 (VS2015)

END.
